INFO 2024-09-23 09:41:46,079 autoreload 39236 139998111272960 Watching for file changes with StatReloader
INFO 2024-09-23 09:41:53,088 basehttp 39236 139998061917760 "GET / HTTP/1.1" 200 3845
INFO 2024-09-23 09:41:55,558 views 39236 139998061917760 ReportListView queryset: SELECT "reports_report"."id", "reports_report"."day", "reports_report"."start_hour", "reports_report"."end_hour", "reports_report"."user_id", "reports_report"."product_id", "reports_report"."plan", "reports_report"."execution", "reports_report"."production_line_id", "reports_report"."updated", "reports_report"."created" FROM "reports_report" WHERE "reports_report"."user_id" = 1 ORDER BY "reports_report"."day" DESC
INFO 2024-09-23 09:41:55,560 views 39236 139998061917760 Number of reports: 0
INFO 2024-09-23 09:41:55,564 basehttp 39236 139998061917760 "GET /reports/ HTTP/1.1" 200 3545
INFO 2024-09-23 09:44:10,145 basehttp 39236 139998061917760 "GET / HTTP/1.1" 200 3845
INFO 2024-09-23 09:44:11,732 basehttp 39236 139998061917760 "GET / HTTP/1.1" 200 3845
INFO 2024-09-23 09:44:12,437 views 39236 139998061917760 Dashboard recent reports query: SELECT "reports_report"."id", "reports_report"."day", "reports_report"."start_hour", "reports_report"."end_hour", "reports_report"."user_id", "reports_report"."product_id", "reports_report"."plan", "reports_report"."execution", "reports_report"."production_line_id", "reports_report"."updated", "reports_report"."created" FROM "reports_report" WHERE ("reports_report"."day" >= 2024-08-24 AND "reports_report"."user_id" = 1) ORDER BY "reports_report"."day" DESC LIMIT 10
INFO 2024-09-23 09:44:12,439 views 39236 139998061917760 Number of recent reports: 0
INFO 2024-09-23 09:44:12,439 views 39236 139998061917760 Recent reports: []
INFO 2024-09-23 09:44:12,447 views 39236 139998061917760 Dashboard context: {'view': <reports.views.DashboardView object at 0x7f53d6f559c0>, 'recent_reports': <QuerySet []>, 'production_lines': <QuerySet [<ProductionLine: 001 (Leader: osinnworld)>, <ProductionLine: 002 (Leader: osinnworld)>]>, 'problem_stats': {'total': 0, 'by_priority': <QuerySet []>, 'by_status': <QuerySet []>}, 'overall_performance': {'total_reports': 0, 'total_plan': 0, 'total_execution': 0}}
INFO 2024-09-23 09:44:12,453 basehttp 39236 139998061917760 "GET /reports/dashboard/ HTTP/1.1" 200 6000
INFO 2024-09-23 09:44:22,034 views 39236 139998061917760 Dashboard recent reports query: SELECT "reports_report"."id", "reports_report"."day", "reports_report"."start_hour", "reports_report"."end_hour", "reports_report"."user_id", "reports_report"."product_id", "reports_report"."plan", "reports_report"."execution", "reports_report"."production_line_id", "reports_report"."updated", "reports_report"."created" FROM "reports_report" WHERE ("reports_report"."day" >= 2024-08-24 AND "reports_report"."user_id" = 1) ORDER BY "reports_report"."day" DESC LIMIT 10
INFO 2024-09-23 09:44:22,035 views 39236 139998061917760 Number of recent reports: 0
INFO 2024-09-23 09:44:22,036 views 39236 139998061917760 Recent reports: []
INFO 2024-09-23 09:44:22,041 views 39236 139998061917760 Dashboard context: {'view': <reports.views.DashboardView object at 0x7f53d6fb67d0>, 'recent_reports': <QuerySet []>, 'production_lines': <QuerySet [<ProductionLine: 001 (Leader: osinnworld)>, <ProductionLine: 002 (Leader: osinnworld)>]>, 'problem_stats': {'total': 0, 'by_priority': <QuerySet []>, 'by_status': <QuerySet []>}, 'overall_performance': {'total_reports': 0, 'total_plan': 0, 'total_execution': 0}}
INFO 2024-09-23 09:44:22,044 basehttp 39236 139998061917760 "GET /reports/dashboard/ HTTP/1.1" 200 6000
INFO 2024-09-23 09:44:23,025 views 39236 139998061917760 Dashboard recent reports query: SELECT "reports_report"."id", "reports_report"."day", "reports_report"."start_hour", "reports_report"."end_hour", "reports_report"."user_id", "reports_report"."product_id", "reports_report"."plan", "reports_report"."execution", "reports_report"."production_line_id", "reports_report"."updated", "reports_report"."created" FROM "reports_report" WHERE ("reports_report"."day" >= 2024-08-24 AND "reports_report"."user_id" = 1) ORDER BY "reports_report"."day" DESC LIMIT 10
INFO 2024-09-23 09:44:23,026 views 39236 139998061917760 Number of recent reports: 0
INFO 2024-09-23 09:44:23,026 views 39236 139998061917760 Recent reports: []
INFO 2024-09-23 09:44:23,033 views 39236 139998061917760 Dashboard context: {'view': <reports.views.DashboardView object at 0x7f53d5b6f520>, 'recent_reports': <QuerySet []>, 'production_lines': <QuerySet [<ProductionLine: 001 (Leader: osinnworld)>, <ProductionLine: 002 (Leader: osinnworld)>]>, 'problem_stats': {'total': 0, 'by_priority': <QuerySet []>, 'by_status': <QuerySet []>}, 'overall_performance': {'total_reports': 0, 'total_plan': 0, 'total_execution': 0}}
INFO 2024-09-23 09:44:23,036 basehttp 39236 139998061917760 "GET /reports/dashboard/ HTTP/1.1" 200 6000
INFO 2024-09-23 09:44:28,487 basehttp 39236 139998061917760 "GET /reports/new/ HTTP/1.1" 200 9085
INFO 2024-09-23 09:44:33,023 basehttp 39236 139998061917760 "GET /admin/ HTTP/1.1" 200 14130
INFO 2024-09-23 09:44:33,046 basehttp 39236 139998061917760 "GET /static/admin/css/base.css HTTP/1.1" 304 0
INFO 2024-09-23 09:44:33,051 basehttp 39236 139998053525056 "GET /static/admin/css/dark_mode.css HTTP/1.1" 304 0
INFO 2024-09-23 09:44:33,055 basehttp 39236 139998043035200 "GET /static/admin/css/nav_sidebar.css HTTP/1.1" 304 0
INFO 2024-09-23 09:44:33,057 basehttp 39236 139998034642496 "GET /static/admin/css/dashboard.css HTTP/1.1" 304 0
INFO 2024-09-23 09:44:33,058 basehttp 39236 139998026249792 "GET /static/admin/css/responsive.css HTTP/1.1" 304 0
INFO 2024-09-23 09:44:33,061 basehttp 39236 139997680236096 "GET /static/admin/js/theme.js HTTP/1.1" 304 0
INFO 2024-09-23 09:44:33,106 basehttp 39236 139998061917760 "GET /static/admin/js/nav_sidebar.js HTTP/1.1" 304 0
INFO 2024-09-23 09:44:33,116 basehttp 39236 139997680236096 "GET /static/admin/img/icon-addlink.svg HTTP/1.1" 304 0
INFO 2024-09-23 09:44:33,117 basehttp 39236 139998026249792 "GET /static/admin/img/icon-changelink.svg HTTP/1.1" 304 0
INFO 2024-09-23 09:44:35,510 basehttp 39236 139998061917760 "GET / HTTP/1.1" 200 3845
INFO 2024-09-23 09:44:36,299 basehttp 39236 139998061917760 "GET / HTTP/1.1" 200 3845
INFO 2024-09-23 09:44:37,317 views 39236 139998061917760 Dashboard recent reports query: SELECT "reports_report"."id", "reports_report"."day", "reports_report"."start_hour", "reports_report"."end_hour", "reports_report"."user_id", "reports_report"."product_id", "reports_report"."plan", "reports_report"."execution", "reports_report"."production_line_id", "reports_report"."updated", "reports_report"."created" FROM "reports_report" WHERE ("reports_report"."day" >= 2024-08-24 AND "reports_report"."user_id" = 1) ORDER BY "reports_report"."day" DESC LIMIT 10
INFO 2024-09-23 09:44:37,318 views 39236 139998061917760 Number of recent reports: 0
INFO 2024-09-23 09:44:37,318 views 39236 139998061917760 Recent reports: []
INFO 2024-09-23 09:44:37,324 views 39236 139998061917760 Dashboard context: {'view': <reports.views.DashboardView object at 0x7f53d5ac2a10>, 'recent_reports': <QuerySet []>, 'production_lines': <QuerySet [<ProductionLine: 001 (Leader: osinnworld)>, <ProductionLine: 002 (Leader: osinnworld)>]>, 'problem_stats': {'total': 0, 'by_priority': <QuerySet []>, 'by_status': <QuerySet []>}, 'overall_performance': {'total_reports': 0, 'total_plan': 0, 'total_execution': 0}}
INFO 2024-09-23 09:44:37,328 basehttp 39236 139998061917760 "GET /reports/dashboard/ HTTP/1.1" 200 6000
INFO 2024-09-23 09:44:38,743 views 39236 139998061917760 ReportListView queryset: SELECT "reports_report"."id", "reports_report"."day", "reports_report"."start_hour", "reports_report"."end_hour", "reports_report"."user_id", "reports_report"."product_id", "reports_report"."plan", "reports_report"."execution", "reports_report"."production_line_id", "reports_report"."updated", "reports_report"."created" FROM "reports_report" WHERE "reports_report"."user_id" = 1 ORDER BY "reports_report"."day" DESC
INFO 2024-09-23 09:44:38,745 views 39236 139998061917760 Number of reports: 0
INFO 2024-09-23 09:44:38,750 basehttp 39236 139998061917760 "GET /reports/ HTTP/1.1" 200 3545
INFO 2024-09-23 09:44:40,768 basehttp 39236 139998061917760 "GET /reports/new/ HTTP/1.1" 200 9085
INFO 2024-09-23 09:44:44,590 views 39236 139998061917760 Dashboard recent reports query: SELECT "reports_report"."id", "reports_report"."day", "reports_report"."start_hour", "reports_report"."end_hour", "reports_report"."user_id", "reports_report"."product_id", "reports_report"."plan", "reports_report"."execution", "reports_report"."production_line_id", "reports_report"."updated", "reports_report"."created" FROM "reports_report" WHERE ("reports_report"."day" >= 2024-08-24 AND "reports_report"."user_id" = 1) ORDER BY "reports_report"."day" DESC LIMIT 10
INFO 2024-09-23 09:44:44,591 views 39236 139998061917760 Number of recent reports: 0
INFO 2024-09-23 09:44:44,591 views 39236 139998061917760 Recent reports: []
INFO 2024-09-23 09:44:44,598 views 39236 139998061917760 Dashboard context: {'view': <reports.views.DashboardView object at 0x7f53d5ae96c0>, 'recent_reports': <QuerySet []>, 'production_lines': <QuerySet [<ProductionLine: 001 (Leader: osinnworld)>, <ProductionLine: 002 (Leader: osinnworld)>]>, 'problem_stats': {'total': 0, 'by_priority': <QuerySet []>, 'by_status': <QuerySet []>}, 'overall_performance': {'total_reports': 0, 'total_plan': 0, 'total_execution': 0}}
INFO 2024-09-23 09:44:44,600 basehttp 39236 139998061917760 "GET /reports/dashboard/ HTTP/1.1" 200 6000
INFO 2024-09-23 09:44:46,839 basehttp 39236 139998061917760 "GET /reports/new/ HTTP/1.1" 200 9085
INFO 2024-09-23 09:45:01,290 views 39236 139998061917760 Attempting to save report with data: {'day': datetime.date(2024, 9, 23), 'start_hour': 4, 'end_hour': 5, 'product': <Product: pencil (Code: PL01)>, 'plan': 13, 'execution': 4, 'production_line': <ProductionLine: 002 (Leader: osinnworld)>}
INFO 2024-09-23 09:45:01,295 views 39236 139998061917760 Report created: ID=3, User=osinnworld, Date=2024-09-23, Product=pencil (Code: PL01)
INFO 2024-09-23 09:45:01,295 views 39236 139998061917760 Report saved to database: Report for pencil by osinnworld (04:00-05:00)
INFO 2024-09-23 09:45:01,296 basehttp 39236 139998061917760 "POST /reports/new/ HTTP/1.1" 302 0
INFO 2024-09-23 09:45:01,303 views 39236 139998061917760 Dashboard recent reports query: SELECT "reports_report"."id", "reports_report"."day", "reports_report"."start_hour", "reports_report"."end_hour", "reports_report"."user_id", "reports_report"."product_id", "reports_report"."plan", "reports_report"."execution", "reports_report"."production_line_id", "reports_report"."updated", "reports_report"."created" FROM "reports_report" WHERE ("reports_report"."day" >= 2024-08-24 AND "reports_report"."user_id" = 1) ORDER BY "reports_report"."day" DESC LIMIT 10
INFO 2024-09-23 09:45:01,304 views 39236 139998061917760 Number of recent reports: 1
INFO 2024-09-23 09:45:01,305 views 39236 139998061917760 Recent reports: [<Report: Report for pencil by osinnworld (04:00-05:00)>]
INFO 2024-09-23 09:45:01,312 views 39236 139998061917760 Dashboard context: {'view': <reports.views.DashboardView object at 0x7f53d4120550>, 'recent_reports': <QuerySet [<Report: Report for pencil by osinnworld (04:00-05:00)>]>, 'production_lines': <QuerySet [<ProductionLine: 001 (Leader: osinnworld)>, <ProductionLine: 002 (Leader: osinnworld)>]>, 'problem_stats': {'total': 0, 'by_priority': <QuerySet []>, 'by_status': <QuerySet []>}, 'overall_performance': {'total_reports': 1, 'total_plan': 13, 'total_execution': 4}}
INFO 2024-09-23 09:45:01,317 basehttp 39236 139998061917760 "GET /reports/dashboard/ HTTP/1.1" 200 7433
INFO 2024-09-23 09:45:12,385 basehttp 39236 139998061917760 "GET / HTTP/1.1" 200 3845
INFO 2024-09-23 09:45:13,896 views 39236 139998061917760 ReportListView queryset: SELECT "reports_report"."id", "reports_report"."day", "reports_report"."start_hour", "reports_report"."end_hour", "reports_report"."user_id", "reports_report"."product_id", "reports_report"."plan", "reports_report"."execution", "reports_report"."production_line_id", "reports_report"."updated", "reports_report"."created" FROM "reports_report" WHERE "reports_report"."user_id" = 1 ORDER BY "reports_report"."day" DESC
INFO 2024-09-23 09:45:13,896 views 39236 139998061917760 Number of reports: 1
INFO 2024-09-23 09:45:13,901 basehttp 39236 139998061917760 "GET /reports/ HTTP/1.1" 200 4710
INFO 2024-09-23 09:45:16,614 basehttp 39236 139998061917760 "GET /reports/new/ HTTP/1.1" 200 9085
INFO 2024-09-23 09:45:18,071 basehttp 39236 139998061917760 "GET /admin/ HTTP/1.1" 200 14130
INFO 2024-09-23 09:45:27,047 basehttp 39236 139998061917760 "POST /accounts/logout/ HTTP/1.1" 302 0
INFO 2024-09-23 09:45:27,053 basehttp 39236 139998061917760 "GET / HTTP/1.1" 200 3767
INFO 2024-09-23 09:45:28,892 basehttp 39236 139998061917760 "GET /accounts/login/ HTTP/1.1" 200 4304
INFO 2024-09-23 09:45:36,455 basehttp 39236 139998061917760 "POST /accounts/login/ HTTP/1.1" 302 0
INFO 2024-09-23 09:45:36,463 basehttp 39236 139998061917760 "GET / HTTP/1.1" 200 4064
INFO 2024-09-23 09:45:38,176 views 39236 139998061917760 ReportListView queryset: SELECT "reports_report"."id", "reports_report"."day", "reports_report"."start_hour", "reports_report"."end_hour", "reports_report"."user_id", "reports_report"."product_id", "reports_report"."plan", "reports_report"."execution", "reports_report"."production_line_id", "reports_report"."updated", "reports_report"."created" FROM "reports_report" WHERE "reports_report"."user_id" = 5 ORDER BY "reports_report"."day" DESC
INFO 2024-09-23 09:45:38,176 views 39236 139998061917760 Number of reports: 1
INFO 2024-09-23 09:45:38,181 basehttp 39236 139998061917760 "GET /reports/ HTTP/1.1" 200 4526
INFO 2024-09-23 09:45:41,399 basehttp 39236 139998061917760 "GET /reports/1/ HTTP/1.1" 200 6336
INFO 2024-09-23 09:46:06,652 basehttp 39236 139998061917760 "GET / HTTP/1.1" 200 3665
INFO 2024-09-23 09:46:08,179 views 39236 139998061917760 ReportListView queryset: SELECT "reports_report"."id", "reports_report"."day", "reports_report"."start_hour", "reports_report"."end_hour", "reports_report"."user_id", "reports_report"."product_id", "reports_report"."plan", "reports_report"."execution", "reports_report"."production_line_id", "reports_report"."updated", "reports_report"."created" FROM "reports_report" WHERE "reports_report"."user_id" = 5 ORDER BY "reports_report"."day" DESC
INFO 2024-09-23 09:46:08,181 views 39236 139998061917760 Number of reports: 1
INFO 2024-09-23 09:46:08,186 basehttp 39236 139998061917760 "GET /reports/ HTTP/1.1" 200 4526
INFO 2024-09-23 09:46:09,940 basehttp 39236 139998061917760 "GET /reports/1/delete/ HTTP/1.1" 200 3770
INFO 2024-09-23 09:46:11,222 basehttp 39236 139998061917760 "POST /reports/1/delete/ HTTP/1.1" 302 0
INFO 2024-09-23 09:46:11,230 views 39236 139998061917760 Dashboard recent reports query: SELECT "reports_report"."id", "reports_report"."day", "reports_report"."start_hour", "reports_report"."end_hour", "reports_report"."user_id", "reports_report"."product_id", "reports_report"."plan", "reports_report"."execution", "reports_report"."production_line_id", "reports_report"."updated", "reports_report"."created" FROM "reports_report" WHERE ("reports_report"."day" >= 2024-08-24 AND "reports_report"."user_id" = 5) ORDER BY "reports_report"."day" DESC LIMIT 10
INFO 2024-09-23 09:46:11,230 views 39236 139998061917760 Number of recent reports: 0
INFO 2024-09-23 09:46:11,231 views 39236 139998061917760 Recent reports: []
INFO 2024-09-23 09:46:11,237 views 39236 139998061917760 Dashboard context: {'view': <reports.views.DashboardView object at 0x7f53d5a079d0>, 'recent_reports': <QuerySet []>, 'production_lines': <QuerySet [<ProductionLine: 001 (Leader: osinnworld)>, <ProductionLine: 002 (Leader: osinnworld)>]>, 'problem_stats': {'total': 0, 'by_priority': <QuerySet []>, 'by_status': <QuerySet []>}, 'overall_performance': {'total_reports': 0, 'total_plan': 0, 'total_execution': 0}}
INFO 2024-09-23 09:46:11,241 basehttp 39236 139998061917760 "GET /reports/dashboard/ HTTP/1.1" 200 5820
INFO 2024-09-23 09:46:16,571 basehttp 39236 139998061917760 "GET / HTTP/1.1" 200 3665
INFO 2024-09-23 09:46:17,691 basehttp 39236 139998061917760 "GET /reports/new/ HTTP/1.1" 200 8905
INFO 2024-09-23 09:46:32,774 views 39236 139998061917760 Attempting to save report with data: {'day': datetime.date(2024, 9, 23), 'start_hour': 4, 'end_hour': 9, 'product': <Product: pencil (Code: PL01)>, 'plan': 4, 'execution': 5, 'production_line': <ProductionLine: 002 (Leader: osinnworld)>}
INFO 2024-09-23 09:46:32,784 views 39236 139998061917760 Report created: ID=4, User=john, Date=2024-09-23, Product=pencil (Code: PL01)
INFO 2024-09-23 09:46:32,784 views 39236 139998061917760 Report saved to database: Report for pencil by john (04:00-09:00)
INFO 2024-09-23 09:46:32,785 basehttp 39236 139998061917760 "POST /reports/new/ HTTP/1.1" 302 0
INFO 2024-09-23 09:46:32,794 views 39236 139998061917760 Dashboard recent reports query: SELECT "reports_report"."id", "reports_report"."day", "reports_report"."start_hour", "reports_report"."end_hour", "reports_report"."user_id", "reports_report"."product_id", "reports_report"."plan", "reports_report"."execution", "reports_report"."production_line_id", "reports_report"."updated", "reports_report"."created" FROM "reports_report" WHERE ("reports_report"."day" >= 2024-08-24 AND "reports_report"."user_id" = 5) ORDER BY "reports_report"."day" DESC LIMIT 10
INFO 2024-09-23 09:46:32,794 views 39236 139998061917760 Number of recent reports: 1
INFO 2024-09-23 09:46:32,796 views 39236 139998061917760 Recent reports: [<Report: Report for pencil by john (04:00-09:00)>]
INFO 2024-09-23 09:46:32,803 views 39236 139998061917760 Dashboard context: {'view': <reports.views.DashboardView object at 0x7f53d416f550>, 'recent_reports': <QuerySet [<Report: Report for pencil by john (04:00-09:00)>]>, 'production_lines': <QuerySet [<ProductionLine: 001 (Leader: osinnworld)>, <ProductionLine: 002 (Leader: osinnworld)>]>, 'problem_stats': {'total': 0, 'by_priority': <QuerySet []>, 'by_status': <QuerySet []>}, 'overall_performance': {'total_reports': 1, 'total_plan': 4, 'total_execution': 5}}
INFO 2024-09-23 09:46:32,809 basehttp 39236 139998061917760 "GET /reports/dashboard/ HTTP/1.1" 200 7251
INFO 2024-09-23 09:46:40,990 basehttp 39236 139998061917760 "GET /reports/new/ HTTP/1.1" 200 8905
INFO 2024-09-23 09:46:42,016 views 39236 139998061917760 ReportListView queryset: SELECT "reports_report"."id", "reports_report"."day", "reports_report"."start_hour", "reports_report"."end_hour", "reports_report"."user_id", "reports_report"."product_id", "reports_report"."plan", "reports_report"."execution", "reports_report"."production_line_id", "reports_report"."updated", "reports_report"."created" FROM "reports_report" WHERE "reports_report"."user_id" = 5 ORDER BY "reports_report"."day" DESC
INFO 2024-09-23 09:46:42,017 views 39236 139998061917760 Number of reports: 1
INFO 2024-09-23 09:46:42,020 basehttp 39236 139998061917760 "GET /reports/ HTTP/1.1" 200 4529
INFO 2024-09-23 09:46:45,593 basehttp 39236 139998061917760 "GET /reports/4/ HTTP/1.1" 200 6339
INFO 2024-09-23 09:47:14,493 views 39236 139998061917760 Dashboard recent reports query: SELECT "reports_report"."id", "reports_report"."day", "reports_report"."start_hour", "reports_report"."end_hour", "reports_report"."user_id", "reports_report"."product_id", "reports_report"."plan", "reports_report"."execution", "reports_report"."production_line_id", "reports_report"."updated", "reports_report"."created" FROM "reports_report" WHERE ("reports_report"."day" >= 2024-08-24 AND "reports_report"."user_id" = 5) ORDER BY "reports_report"."day" DESC LIMIT 10
INFO 2024-09-23 09:47:14,494 views 39236 139998061917760 Number of recent reports: 1
INFO 2024-09-23 09:47:14,496 views 39236 139998061917760 Recent reports: [<Report: Report for pencil by john (04:00-09:00)>]
INFO 2024-09-23 09:47:14,503 views 39236 139998061917760 Dashboard context: {'view': <reports.views.DashboardView object at 0x7f53d4186950>, 'recent_reports': <QuerySet [<Report: Report for pencil by john (04:00-09:00)>]>, 'production_lines': <QuerySet [<ProductionLine: 001 (Leader: osinnworld)>, <ProductionLine: 002 (Leader: osinnworld)>]>, 'problem_stats': {'total': 0, 'by_priority': <QuerySet []>, 'by_status': <QuerySet []>}, 'overall_performance': {'total_reports': 1, 'total_plan': 4, 'total_execution': 5}}
INFO 2024-09-23 09:47:14,507 basehttp 39236 139998061917760 "GET /reports/dashboard/ HTTP/1.1" 200 6856
INFO 2024-09-23 10:17:20,699 autoreload 48005 140688207200256 Watching for file changes with StatReloader
INFO 2024-09-23 10:27:03,090 autoreload 48005 140688207200256 /home/osinnworld/alx-factory_pm/factory/reports/models.py changed, reloading.
INFO 2024-09-23 10:27:03,327 autoreload 50368 140253918392320 Watching for file changes with StatReloader
INFO 2024-09-23 10:27:05,476 autoreload 50368 140253918392320 /home/osinnworld/alx-factory_pm/factory/reports/models.py changed, reloading.
INFO 2024-09-23 10:27:05,852 autoreload 50383 140273324085248 Watching for file changes with StatReloader
INFO 2024-09-23 12:12:53,602 autoreload 76494 140315504611328 Watching for file changes with StatReloader
INFO 2024-09-23 12:13:00,205 basehttp 76494 140315455387200 "GET /admin/ HTTP/1.1" 302 0
INFO 2024-09-23 12:13:00,257 basehttp 76494 140315455387200 "GET /admin/login/?next=/admin/ HTTP/1.1" 200 3673
INFO 2024-09-23 12:13:00,349 basehttp 76494 140315455387200 "GET /static/admin/css/base.css HTTP/1.1" 304 0
INFO 2024-09-23 12:13:00,350 basehttp 76494 140315373598272 "GET /static/admin/css/dark_mode.css HTTP/1.1" 304 0
INFO 2024-09-23 12:13:00,353 basehttp 76494 140315455387200 "GET /static/admin/css/responsive.css HTTP/1.1" 304 0
INFO 2024-09-23 12:13:00,363 basehttp 76494 140315365205568 "GET /static/admin/css/login.css HTTP/1.1" 304 0
INFO 2024-09-23 12:13:00,376 basehttp 76494 140315356812864 "GET /static/admin/css/nav_sidebar.css HTTP/1.1" 304 0
INFO 2024-09-23 12:13:00,385 basehttp 76494 140315348420160 "GET /static/admin/js/theme.js HTTP/1.1" 304 0
INFO 2024-09-23 12:13:00,546 basehttp 76494 140315455387200 "GET /static/admin/js/nav_sidebar.js HTTP/1.1" 304 0
INFO 2024-09-23 12:13:12,346 basehttp 76494 140315455387200 "POST /admin/login/?next=/admin/ HTTP/1.1" 302 0
INFO 2024-09-23 12:13:12,378 basehttp 76494 140315455387200 "GET /admin/ HTTP/1.1" 200 14130
INFO 2024-09-23 12:13:12,452 basehttp 76494 140315455387200 "GET /static/admin/css/dashboard.css HTTP/1.1" 304 0
INFO 2024-09-23 12:13:12,562 basehttp 76494 140315455387200 "GET /static/admin/img/icon-addlink.svg HTTP/1.1" 304 0
INFO 2024-09-23 12:13:12,562 basehttp 76494 140315348420160 "GET /static/admin/img/icon-changelink.svg HTTP/1.1" 304 0
INFO 2024-09-23 12:13:17,327 basehttp 76494 140315348420160 "GET /admin/areas/productionline/ HTTP/1.1" 200 13190
INFO 2024-09-23 12:13:17,366 basehttp 76494 140315348420160 "GET /static/admin/css/changelists.css HTTP/1.1" 304 0
INFO 2024-09-23 12:13:17,379 basehttp 76494 140315373598272 "GET /static/admin/js/admin/RelatedObjectLookups.js HTTP/1.1" 304 0
INFO 2024-09-23 12:13:17,379 basehttp 76494 140315356812864 "GET /static/admin/js/jquery.init.js HTTP/1.1" 304 0
INFO 2024-09-23 12:13:17,380 basehttp 76494 140315340027456 "GET /static/admin/js/actions.js HTTP/1.1" 304 0
INFO 2024-09-23 12:13:17,382 basehttp 76494 140315455387200 "GET /static/admin/js/vendor/jquery/jquery.js HTTP/1.1" 304 0
INFO 2024-09-23 12:13:17,383 basehttp 76494 140315365205568 "GET /static/admin/js/core.js HTTP/1.1" 304 0
INFO 2024-09-23 12:13:17,388 basehttp 76494 140315373598272 "GET /static/admin/js/urlify.js HTTP/1.1" 304 0
INFO 2024-09-23 12:13:17,388 basehttp 76494 140315356812864 "GET /static/admin/js/prepopulate.js HTTP/1.1" 304 0
INFO 2024-09-23 12:13:17,390 basehttp 76494 140315340027456 "GET /static/admin/js/vendor/xregexp/xregexp.js HTTP/1.1" 304 0
INFO 2024-09-23 12:13:17,398 basehttp 76494 140315348420160 "GET /admin/jsi18n/ HTTP/1.1" 200 3342
INFO 2024-09-23 12:13:17,464 basehttp 76494 140315348420160 "GET /static/admin/js/filters.js HTTP/1.1" 304 0
INFO 2024-09-23 12:13:17,501 basehttp 76494 140315373598272 "GET /static/admin/img/tooltag-add.svg HTTP/1.1" 304 0
INFO 2024-09-23 12:13:26,119 basehttp 76494 140315348420160 "GET /admin/areas/productionline/1/change/ HTTP/1.1" 200 16331
INFO 2024-09-23 12:13:26,149 basehttp 76494 140315348420160 "GET /static/admin/css/forms.css HTTP/1.1" 304 0
INFO 2024-09-23 12:13:26,156 basehttp 76494 140315356812864 "GET /static/admin/js/prepopulate_init.js HTTP/1.1" 304 0
INFO 2024-09-23 12:13:26,162 basehttp 76494 140315373598272 "GET /admin/jsi18n/ HTTP/1.1" 200 3342
INFO 2024-09-23 12:13:26,268 basehttp 76494 140315348420160 "GET /static/admin/css/widgets.css HTTP/1.1" 304 0
INFO 2024-09-23 12:13:26,269 basehttp 76494 140315373598272 "GET /static/admin/img/icon-viewlink.svg HTTP/1.1" 304 0
INFO 2024-09-23 12:13:26,277 basehttp 76494 140315373598272 "GET /static/admin/js/change_form.js HTTP/1.1" 304 0
INFO 2024-09-23 12:13:40,593 basehttp 76494 140315373598272 "GET /admin/areas/productionline/1/delete/ HTTP/1.1" 200 11707
INFO 2024-09-23 12:13:40,637 basehttp 76494 140315373598272 "GET /static/admin/js/cancel.js HTTP/1.1" 200 884
INFO 2024-09-23 12:13:54,699 basehttp 76494 140315373598272 "POST /admin/areas/productionline/1/delete/ HTTP/1.1" 302 0
INFO 2024-09-23 12:13:54,725 basehttp 76494 140315373598272 "GET /admin/areas/productionline/ HTTP/1.1" 200 13073
INFO 2024-09-23 12:13:54,806 basehttp 76494 140315373598272 "GET /admin/jsi18n/ HTTP/1.1" 200 3342
INFO 2024-09-23 12:13:54,916 basehttp 76494 140315373598272 "GET /static/admin/img/icon-yes.svg HTTP/1.1" 304 0
INFO 2024-09-23 12:13:56,631 basehttp 76494 140315373598272 "GET /admin/areas/productionline/2/change/ HTTP/1.1" 200 16331
INFO 2024-09-23 12:13:56,665 basehttp 76494 140315373598272 "GET /admin/jsi18n/ HTTP/1.1" 200 3342
INFO 2024-09-23 12:13:57,910 basehttp 76494 140315373598272 "GET /admin/areas/productionline/2/delete/ HTTP/1.1" 200 11985
INFO 2024-09-23 12:13:59,224 basehttp 76494 140315373598272 "POST /admin/areas/productionline/2/delete/ HTTP/1.1" 302 0
INFO 2024-09-23 12:13:59,245 basehttp 76494 140315373598272 "GET /admin/areas/productionline/ HTTP/1.1" 200 11737
INFO 2024-09-23 12:13:59,327 basehttp 76494 140315373598272 "GET /admin/jsi18n/ HTTP/1.1" 200 3342
INFO 2024-09-23 12:14:01,039 basehttp 76494 140315373598272 "GET /admin/areas/productionline/ HTTP/1.1" 200 11549
INFO 2024-09-23 12:14:01,074 basehttp 76494 140315373598272 "GET /admin/jsi18n/ HTTP/1.1" 200 3342
INFO 2024-09-23 12:14:01,873 basehttp 76494 140315373598272 "GET /admin/auth/group/ HTTP/1.1" 200 11830
INFO 2024-09-23 12:14:01,909 basehttp 76494 140315373598272 "GET /admin/jsi18n/ HTTP/1.1" 200 3342
INFO 2024-09-23 12:14:01,910 basehttp 76494 140315348420160 "GET /static/admin/img/search.svg HTTP/1.1" 200 458
INFO 2024-09-23 12:14:03,125 basehttp 76494 140315373598272 "GET /admin/auth/user/ HTTP/1.1" 200 17238
INFO 2024-09-23 12:14:03,168 basehttp 76494 140315373598272 "GET /admin/jsi18n/ HTTP/1.1" 200 3342
INFO 2024-09-23 12:14:03,170 basehttp 76494 140315348420160 "GET /static/admin/img/icon-no.svg HTTP/1.1" 200 560
INFO 2024-09-23 12:14:03,292 basehttp 76494 140315373598272 "GET /static/admin/img/sorting-icons.svg HTTP/1.1" 200 1097
INFO 2024-09-23 12:14:13,436 basehttp 76494 140315373598272 "GET /admin/categories/category/ HTTP/1.1" 200 11524
INFO 2024-09-23 12:14:13,512 basehttp 76494 140315373598272 "GET /admin/jsi18n/ HTTP/1.1" 200 3342
INFO 2024-09-23 12:14:18,357 basehttp 76494 140315373598272 "GET /admin/categories/category/ HTTP/1.1" 200 11524
INFO 2024-09-23 12:14:18,403 basehttp 76494 140315373598272 "GET /admin/jsi18n/ HTTP/1.1" 200 3342
INFO 2024-09-23 12:14:19,450 basehttp 76494 140315373598272 "GET /admin/products/product/ HTTP/1.1" 200 13098
INFO 2024-09-23 12:14:19,497 basehttp 76494 140315373598272 "GET /admin/jsi18n/ HTTP/1.1" 200 3342
INFO 2024-09-23 12:14:21,389 basehttp 76494 140315373598272 "GET /admin/products/product/2/change/ HTTP/1.1" 200 14560
INFO 2024-09-23 12:14:21,443 basehttp 76494 140315373598272 "GET /admin/jsi18n/ HTTP/1.1" 200 3342
INFO 2024-09-23 12:14:22,677 basehttp 76494 140315373598272 "GET /admin/products/product/2/delete/ HTTP/1.1" 200 11485
INFO 2024-09-23 12:14:23,880 basehttp 76494 140315373598272 "POST /admin/products/product/2/delete/ HTTP/1.1" 302 0
INFO 2024-09-23 12:14:23,913 basehttp 76494 140315373598272 "GET /admin/products/product/ HTTP/1.1" 200 12985
INFO 2024-09-23 12:14:24,015 basehttp 76494 140315373598272 "GET /admin/jsi18n/ HTTP/1.1" 200 3342
INFO 2024-09-23 12:14:25,481 basehttp 76494 140315373598272 "GET /admin/products/product/1/change/ HTTP/1.1" 200 14576
INFO 2024-09-23 12:14:25,533 basehttp 76494 140315373598272 "GET /admin/jsi18n/ HTTP/1.1" 200 3342
INFO 2024-09-23 12:14:26,522 basehttp 76494 140315373598272 "GET /admin/products/product/1/delete/ HTTP/1.1" 200 11494
INFO 2024-09-23 12:14:27,702 basehttp 76494 140315373598272 "POST /admin/products/product/1/delete/ HTTP/1.1" 302 0
INFO 2024-09-23 12:14:27,729 basehttp 76494 140315373598272 "GET /admin/products/product/ HTTP/1.1" 200 11682
INFO 2024-09-23 12:14:27,826 basehttp 76494 140315373598272 "GET /admin/jsi18n/ HTTP/1.1" 200 3342
INFO 2024-09-23 12:14:29,659 basehttp 76494 140315373598272 "GET /admin/profiles/profile/ HTTP/1.1" 200 12852
INFO 2024-09-23 12:14:29,708 basehttp 76494 140315373598272 "GET /admin/jsi18n/ HTTP/1.1" 200 3342
INFO 2024-09-23 12:14:31,201 basehttp 76494 140315373598272 "GET /admin/profiles/profile/1/change/ HTTP/1.1" 200 16549
INFO 2024-09-23 12:14:31,253 basehttp 76494 140315373598272 "GET /admin/jsi18n/ HTTP/1.1" 200 3342
INFO 2024-09-23 12:14:39,856 basehttp 76494 140315373598272 "GET /admin/reports/problemcategory/ HTTP/1.1" 200 11566
INFO 2024-09-23 12:14:39,914 basehttp 76494 140315373598272 "GET /admin/jsi18n/ HTTP/1.1" 200 3342
INFO 2024-09-23 12:14:41,899 basehttp 76494 140315373598272 "GET /admin/reports/report/ HTTP/1.1" 200 11551
INFO 2024-09-23 12:14:41,953 basehttp 76494 140315373598272 "GET /admin/jsi18n/ HTTP/1.1" 200 3342
INFO 2024-09-23 12:14:43,771 basehttp 76494 140315373598272 "GET /admin/reports/report/ HTTP/1.1" 200 11551
INFO 2024-09-23 12:14:43,811 basehttp 76494 140315373598272 "GET /admin/jsi18n/ HTTP/1.1" 200 3342
INFO 2024-09-23 12:14:45,016 basehttp 76494 140315373598272 "GET /admin/reports/problemreported/ HTTP/1.1" 200 11564
INFO 2024-09-23 12:14:45,059 basehttp 76494 140315373598272 "GET /admin/jsi18n/ HTTP/1.1" 200 3342
INFO 2024-09-23 12:14:46,723 basehttp 76494 140315373598272 "GET /admin/reports/report/ HTTP/1.1" 200 11551
INFO 2024-09-23 12:14:46,774 basehttp 76494 140315373598272 "GET /admin/jsi18n/ HTTP/1.1" 200 3342
INFO 2024-09-23 12:14:47,962 basehttp 76494 140315373598272 "GET /admin/reports/problemcategory/ HTTP/1.1" 200 11566
INFO 2024-09-23 12:14:48,008 basehttp 76494 140315373598272 "GET /admin/jsi18n/ HTTP/1.1" 200 3342
INFO 2024-09-23 12:14:50,850 basehttp 76494 140315373598272 "GET /admin/profiles/profile/ HTTP/1.1" 200 12852
INFO 2024-09-23 12:14:50,900 basehttp 76494 140315373598272 "GET /admin/jsi18n/ HTTP/1.1" 200 3342
INFO 2024-09-23 12:14:53,194 basehttp 76494 140315373598272 "GET /admin/products/product/ HTTP/1.1" 200 11507
INFO 2024-09-23 12:14:53,239 basehttp 76494 140315373598272 "GET /admin/jsi18n/ HTTP/1.1" 200 3342
INFO 2024-09-23 12:14:54,274 basehttp 76494 140315373598272 "GET /admin/categories/category/ HTTP/1.1" 200 11524
INFO 2024-09-23 12:14:54,318 basehttp 76494 140315373598272 "GET /admin/jsi18n/ HTTP/1.1" 200 3342
INFO 2024-09-23 12:14:55,978 basehttp 76494 140315373598272 "GET /admin/auth/user/ HTTP/1.1" 200 17238
INFO 2024-09-23 12:14:56,035 basehttp 76494 140315373598272 "GET /admin/jsi18n/ HTTP/1.1" 200 3342
INFO 2024-09-23 12:14:58,100 basehttp 76494 140315373598272 "GET /admin/auth/group/ HTTP/1.1" 200 11830
INFO 2024-09-23 12:14:58,153 basehttp 76494 140315373598272 "GET /admin/jsi18n/ HTTP/1.1" 200 3342
INFO 2024-09-23 12:14:59,204 basehttp 76494 140315373598272 "GET /admin/areas/productionline/ HTTP/1.1" 200 11549
INFO 2024-09-23 12:14:59,247 basehttp 76494 140315373598272 "GET /admin/jsi18n/ HTTP/1.1" 200 3342
INFO 2024-09-23 12:15:29,338 autoreload 77188 140443067293696 Watching for file changes with StatReloader
INFO 2024-09-23 12:15:34,362 basehttp 77188 140442947548736 "GET / HTTP/1.1" 200 3845
INFO 2024-09-23 12:15:34,423 basehttp 77188 140442947548736 "GET /static/css/style.css HTTP/1.1" 304 0
INFO 2024-09-23 12:15:37,359 basehttp 77188 140442947548736 "GET /reports/ HTTP/1.1" 200 3897
INFO 2024-09-23 12:15:41,283 basehttp 77188 140442947548736 "GET /reports/?production_line= HTTP/1.1" 200 3897
INFO 2024-09-23 12:15:45,116 basehttp 77188 140442947548736 "GET /reports/new/ HTTP/1.1" 200 12857
INFO 2024-09-23 12:15:52,012 basehttp 77188 140442947548736 "GET /reports/new/ HTTP/1.1" 200 12857
INFO 2024-09-23 12:15:54,329 basehttp 77188 140442947548736 "GET / HTTP/1.1" 200 3845
INFO 2024-09-23 12:15:54,981 basehttp 77188 140442947548736 "GET /reports/dashboard/ HTTP/1.1" 200 5479
INFO 2024-09-23 12:16:01,010 basehttp 77188 140442947548736 "GET /reports/new/ HTTP/1.1" 200 12857
INFO 2024-09-23 12:16:25,751 basehttp 77188 140442947548736 "POST /reports/new/ HTTP/1.1" 200 13181
INFO 2024-09-23 12:16:39,269 basehttp 77188 140442947548736 "GET /admin/ HTTP/1.1" 200 15057
INFO 2024-09-23 12:16:39,766 basehttp 77188 140442947548736 "GET /static/admin/img/icon-deletelink.svg HTTP/1.1" 200 392
INFO 2024-09-23 12:16:44,236 basehttp 77188 140442947548736 "GET /admin/areas/productionline/add/ HTTP/1.1" 200 15957
INFO 2024-09-23 12:16:44,293 basehttp 77188 140442947548736 "GET /admin/jsi18n/ HTTP/1.1" 200 3342
INFO 2024-09-23 12:16:58,643 basehttp 77188 140442947548736 "GET /admin/profiles/profile/add/?_to_field=id&_popup=1 HTTP/1.1" 200 8375
INFO 2024-09-23 12:16:58,688 basehttp 77188 140442947548736 "GET /admin/jsi18n/ HTTP/1.1" 200 3342
INFO 2024-09-23 12:17:28,234 basehttp 77188 140442947548736 "POST /admin/profiles/profile/add/?_to_field=id&_popup=1 HTTP/1.1" 200 336
INFO 2024-09-23 12:17:28,268 basehttp 77188 140442947548736 "GET /static/admin/js/popup_response.js HTTP/1.1" 200 532
INFO 2024-09-23 12:17:35,903 basehttp 77188 140442947548736 "GET /admin/products/product/add/?_to_field=id&_popup=1 HTTP/1.1" 200 6388
INFO 2024-09-23 12:17:35,979 basehttp 77188 140442947548736 "GET /admin/jsi18n/ HTTP/1.1" 200 3342
INFO 2024-09-23 12:20:30,973 basehttp 77188 140442947548736 "POST /admin/products/product/add/?_to_field=id&_popup=1 HTTP/1.1" 200 344
INFO 2024-09-23 12:20:40,325 basehttp 77188 140442947548736 "GET /admin/products/product/add/?_to_field=id&_popup=1 HTTP/1.1" 200 6388
INFO 2024-09-23 12:20:40,420 basehttp 77188 140442947548736 "GET /admin/jsi18n/ HTTP/1.1" 200 3342
INFO 2024-09-23 12:21:00,805 basehttp 77188 140442947548736 "POST /admin/products/product/add/?_to_field=id&_popup=1 HTTP/1.1" 200 341
INFO 2024-09-23 12:21:09,238 basehttp 77188 140442947548736 "POST /admin/areas/productionline/add/ HTTP/1.1" 302 0
INFO 2024-09-23 12:21:09,291 basehttp 77188 140442947548736 "GET /admin/areas/productionline/ HTTP/1.1" 200 13108
INFO 2024-09-23 12:21:09,401 basehttp 77188 140442947548736 "GET /admin/jsi18n/ HTTP/1.1" 200 3342
INFO 2024-09-23 12:21:19,267 basehttp 77188 140442947548736 "GET /admin/areas/productionline/add/ HTTP/1.1" 200 16111
INFO 2024-09-23 12:21:19,314 basehttp 77188 140442947548736 "GET /admin/jsi18n/ HTTP/1.1" 200 3342
INFO 2024-09-23 12:21:29,325 basehttp 77188 140442947548736 "GET /admin/areas/productionline/ HTTP/1.1" 200 12875
INFO 2024-09-23 12:21:29,380 basehttp 77188 140442947548736 "GET /admin/jsi18n/ HTTP/1.1" 200 3342
INFO 2024-09-23 12:21:32,632 basehttp 77188 140442947548736 "GET /admin/areas/productionline/add/ HTTP/1.1" 200 16111
INFO 2024-09-23 12:21:32,688 basehttp 77188 140442947548736 "GET /admin/jsi18n/ HTTP/1.1" 200 3342
INFO 2024-09-23 12:21:45,004 basehttp 77188 140442947548736 "GET /admin/products/product/add/?_to_field=id&_popup=1 HTTP/1.1" 200 6388
INFO 2024-09-23 12:21:45,091 basehttp 77188 140442947548736 "GET /admin/jsi18n/ HTTP/1.1" 200 3342
INFO 2024-09-23 12:22:15,253 basehttp 77188 140442947548736 "POST /admin/products/product/add/?_to_field=id&_popup=1 HTTP/1.1" 200 345
INFO 2024-09-23 12:22:18,041 basehttp 77188 140442947548736 "GET /admin/products/product/add/?_to_field=id&_popup=1 HTTP/1.1" 200 6388
INFO 2024-09-23 12:22:18,103 basehttp 77188 140442947548736 "GET /admin/jsi18n/ HTTP/1.1" 200 3342
INFO 2024-09-23 12:24:31,718 basehttp 77188 140442947548736 "POST /admin/products/product/add/?_to_field=id&_popup=1 HTTP/1.1" 200 345
INFO 2024-09-23 12:24:36,373 basehttp 77188 140442947548736 "POST /admin/areas/productionline/add/ HTTP/1.1" 302 0
INFO 2024-09-23 12:24:36,412 basehttp 77188 140442947548736 "GET /admin/areas/productionline/ HTTP/1.1" 200 13418
INFO 2024-09-23 12:24:36,526 basehttp 77188 140442947548736 "GET /admin/jsi18n/ HTTP/1.1" 200 3342
INFO 2024-09-23 12:24:56,142 basehttp 77188 140442947548736 "GET /admin/products/product/ HTTP/1.1" 200 13722
INFO 2024-09-23 12:24:56,200 basehttp 77188 140442947548736 "GET /admin/jsi18n/ HTTP/1.1" 200 3342
INFO 2024-09-23 12:25:05,470 basehttp 77188 140442947548736 "POST /reports/new/ HTTP/1.1" 200 13505
INFO 2024-09-23 12:25:14,770 views 77188 140442947548736 Report created: ID=1, User=osinnworld, Date=2024-09-23, Product=cups-red (Code: CR01)
INFO 2024-09-23 12:25:14,771 basehttp 77188 140442947548736 "POST /reports/new/ HTTP/1.1" 302 0
INFO 2024-09-23 12:25:14,821 basehttp 77188 140442947548736 "GET /reports/dashboard/ HTTP/1.1" 200 7425
INFO 2024-09-23 12:25:23,054 basehttp 77188 140442947548736 "GET /reports/new/ HTTP/1.1" 200 13181
INFO 2024-09-23 12:25:24,748 basehttp 77188 140442947548736 "GET /reports/ HTTP/1.1" 200 5165
INFO 2024-09-23 12:25:30,117 basehttp 77188 140442947548736 "GET /reports/?production_line= HTTP/1.1" 200 5165
INFO 2024-09-23 12:25:32,897 basehttp 77188 140442947548736 "GET /reports/?production_line=001 HTTP/1.1" 200 5173
INFO 2024-09-23 12:25:34,715 basehttp 77188 140442947548736 "GET /reports/?production_line=002 HTTP/1.1" 200 4031
INFO 2024-09-23 12:25:36,990 basehttp 77188 140442947548736 "GET /reports/?production_line= HTTP/1.1" 200 5165
INFO 2024-09-23 12:25:39,636 basehttp 77188 140442947548736 "GET /reports/1/ HTTP/1.1" 200 0
INFO 2024-09-23 12:25:48,299 basehttp 77188 140442947548736 "GET /reports/1/ HTTP/1.1" 200 0
INFO 2024-09-23 12:25:49,245 basehttp 77188 140442947548736 "GET /reports/1/ HTTP/1.1" 200 0
INFO 2024-09-23 12:25:49,867 basehttp 77188 140442947548736 "GET /reports/1/ HTTP/1.1" 200 0
INFO 2024-09-23 12:25:53,610 basehttp 77188 140442947548736 "GET /reports/1/edit/ HTTP/1.1" 200 13182
INFO 2024-09-23 12:25:56,778 basehttp 77188 140442947548736 "GET / HTTP/1.1" 200 3845
INFO 2024-09-23 12:25:57,671 basehttp 77188 140442947548736 "GET /reports/dashboard/ HTTP/1.1" 200 7030
INFO 2024-09-23 12:26:00,232 basehttp 77188 140442947548736 "GET /reports/new/ HTTP/1.1" 200 13181
INFO 2024-09-23 12:26:02,297 basehttp 77188 140442947548736 "GET /admin/ HTTP/1.1" 200 15047
INFO 2024-09-23 12:26:07,630 basehttp 77188 140442947548736 "POST /accounts/logout/ HTTP/1.1" 302 0
INFO 2024-09-23 12:26:07,641 basehttp 77188 140442947548736 "GET / HTTP/1.1" 200 3767
INFO 2024-09-23 12:26:11,557 basehttp 77188 140442947548736 "GET / HTTP/1.1" 200 3362
INFO 2024-09-23 12:26:14,351 basehttp 77188 140442947548736 "GET /reports/ HTTP/1.1" 302 0
INFO 2024-09-23 12:26:14,379 basehttp 77188 140442947548736 "GET /accounts/login/?next=/reports/ HTTP/1.1" 200 4304
INFO 2024-09-23 12:26:23,251 basehttp 77188 140442947548736 "POST /accounts/login/?next=/reports/ HTTP/1.1" 302 0
INFO 2024-09-23 12:26:23,288 basehttp 77188 140442947548736 "GET /reports/ HTTP/1.1" 200 4243
INFO 2024-09-23 12:26:28,622 basehttp 77188 140442947548736 "GET /reports/dashboard/ HTTP/1.1" 200 5794
INFO 2024-09-23 12:26:30,513 basehttp 77188 140442947548736 "GET /reports/ HTTP/1.1" 200 3844
INFO 2024-09-23 12:26:31,771 basehttp 77188 140442947548736 "GET /reports/new/ HTTP/1.1" 200 13002
INFO 2024-09-23 12:26:44,000 basehttp 77188 140442947548736 "GET /reports/new/ HTTP/1.1" 200 13002
INFO 2024-09-23 12:27:21,530 basehttp 77188 140442947548736 "GET / HTTP/1.1" 200 3666
INFO 2024-09-23 12:27:23,372 basehttp 77188 140442947548736 "POST /accounts/logout/ HTTP/1.1" 302 0
INFO 2024-09-23 12:27:23,378 basehttp 77188 140442947548736 "GET / HTTP/1.1" 200 3767
INFO 2024-09-23 12:27:26,765 basehttp 77188 140442947548736 "GET /reports/ HTTP/1.1" 302 0
INFO 2024-09-23 12:27:26,772 basehttp 77188 140442947548736 "GET /accounts/login/?next=/reports/ HTTP/1.1" 200 4304
INFO 2024-09-23 12:27:29,453 basehttp 77188 140442947548736 "GET /reports/ HTTP/1.1" 302 0
INFO 2024-09-23 12:27:29,463 basehttp 77188 140442947548736 "GET /accounts/login/?next=/reports/ HTTP/1.1" 200 4304
INFO 2024-09-23 12:27:31,327 basehttp 77188 140442947548736 "GET /accounts/signup/ HTTP/1.1" 200 5124
INFO 2024-09-23 12:27:35,130 basehttp 77188 140442947548736 "GET /accounts/login/ HTTP/1.1" 200 4304
INFO 2024-09-23 12:27:42,329 basehttp 77188 140442947548736 "POST /accounts/login/ HTTP/1.1" 302 0
INFO 2024-09-23 12:27:42,343 basehttp 77188 140442947548736 "GET /reports/dashboard/ HTTP/1.1" 200 7429
INFO 2024-09-23 12:27:52,073 basehttp 77188 140442947548736 "GET /reports/ HTTP/1.1" 200 5165
INFO 2024-09-23 12:27:57,448 basehttp 77188 140442947548736 "GET /reports/1/ HTTP/1.1" 200 0
INFO 2024-09-23 12:29:31,731 basehttp 77188 140442947548736 "GET /reports/dashboard/ HTTP/1.1" 200 7030
INFO 2024-09-23 12:29:33,420 basehttp 77188 140442947548736 "GET /reports/ HTTP/1.1" 200 5165
INFO 2024-09-23 12:31:01,511 basehttp 77188 140442947548736 "GET /reports/1/ HTTP/1.1" 200 0
INFO 2024-09-23 12:33:54,743 autoreload 77188 140443067293696 /home/osinnworld/alx-factory_pm/factory/reports/urls.py changed, reloading.
INFO 2024-09-23 12:33:55,284 autoreload 81587 140107045703680 Watching for file changes with StatReloader
INFO 2024-09-23 12:36:37,412 autoreload 81587 140107045703680 /home/osinnworld/alx-factory_pm/factory/reports/views.py changed, reloading.
INFO 2024-09-23 12:36:37,653 autoreload 82250 140539677175808 Watching for file changes with StatReloader
INFO 2024-09-23 12:36:41,832 autoreload 82250 140539677175808 /home/osinnworld/alx-factory_pm/factory/reports/views.py changed, reloading.
INFO 2024-09-23 12:36:42,059 autoreload 82272 140058866278400 Watching for file changes with StatReloader
INFO 2024-09-23 12:37:29,285 basehttp 82272 140058740909632 "GET /reports/ HTTP/1.1" 200 5165
INFO 2024-09-23 12:37:32,632 basehttp 82272 140058740909632 "GET /reports/1/ HTTP/1.1" 200 6830
INFO 2024-09-23 12:38:03,571 basehttp 82272 140058740909632 "GET /admin/ HTTP/1.1" 200 15047
INFO 2024-09-23 12:38:08,545 basehttp 82272 140058740909632 "GET /admin/reports/problemcategory/ HTTP/1.1" 200 11566
INFO 2024-09-23 12:38:08,575 basehttp 82272 140058740909632 "GET /admin/jsi18n/ HTTP/1.1" 200 3342
INFO 2024-09-23 12:38:10,808 basehttp 82272 140058740909632 "GET /admin/reports/problemcategory/add/ HTTP/1.1" 200 12981
INFO 2024-09-23 12:38:10,834 basehttp 82272 140058740909632 "GET /admin/jsi18n/ HTTP/1.1" 200 3342
INFO 2024-09-23 12:38:29,677 basehttp 82272 140058740909632 "POST /admin/reports/problemcategory/add/ HTTP/1.1" 302 0
INFO 2024-09-23 12:38:29,692 basehttp 82272 140058740909632 "GET /admin/reports/problemcategory/ HTTP/1.1" 200 13098
INFO 2024-09-23 12:38:29,762 basehttp 82272 140058740909632 "GET /admin/jsi18n/ HTTP/1.1" 200 3342
INFO 2024-09-23 12:38:32,357 basehttp 82272 140058740909632 "GET /admin/reports/problemcategory/add/ HTTP/1.1" 200 12981
INFO 2024-09-23 12:38:32,381 basehttp 82272 140058740909632 "GET /admin/jsi18n/ HTTP/1.1" 200 3342
INFO 2024-09-23 12:38:44,999 basehttp 82272 140058740909632 "POST /admin/reports/problemcategory/add/ HTTP/1.1" 302 0
INFO 2024-09-23 12:38:45,014 basehttp 82272 140058740909632 "GET /admin/reports/problemcategory/ HTTP/1.1" 200 13364
INFO 2024-09-23 12:38:45,085 basehttp 82272 140058740909632 "GET /admin/jsi18n/ HTTP/1.1" 200 3342
INFO 2024-09-23 12:38:47,277 basehttp 82272 140058740909632 "GET /admin/reports/problemcategory/add/ HTTP/1.1" 200 12981
INFO 2024-09-23 12:38:47,301 basehttp 82272 140058740909632 "GET /admin/jsi18n/ HTTP/1.1" 200 3342
INFO 2024-09-23 12:38:56,485 basehttp 82272 140058740909632 "POST /admin/reports/problemcategory/add/ HTTP/1.1" 302 0
INFO 2024-09-23 12:38:56,499 basehttp 82272 140058740909632 "GET /admin/reports/problemcategory/ HTTP/1.1" 200 13631
INFO 2024-09-23 12:38:56,564 basehttp 82272 140058740909632 "GET /admin/jsi18n/ HTTP/1.1" 200 3342
INFO 2024-09-23 12:39:01,918 basehttp 82272 140058740909632 "GET /admin/reports/problemcategory/ HTTP/1.1" 200 13409
INFO 2024-09-23 12:39:06,448 basehttp 82272 140058740909632 "GET /reports/1/ HTTP/1.1" 200 6929
INFO 2024-09-23 12:39:45,800 basehttp 82272 140058740909632 "POST /reports/1/ HTTP/1.1" 302 0
INFO 2024-09-23 12:39:45,823 basehttp 82272 140058740909632 "GET /reports/1/ HTTP/1.1" 200 8121
INFO 2024-09-23 12:39:55,554 basehttp 82272 140058740909632 "GET /reports/ HTTP/1.1" 200 5165
INFO 2024-09-23 12:40:01,051 basehttp 82272 140058740909632 "GET /reports/ HTTP/1.1" 200 5165
INFO 2024-09-23 12:40:02,717 basehttp 82272 140058740909632 "GET /reports/dashboard/ HTTP/1.1" 200 7155
INFO 2024-09-23 12:40:14,300 basehttp 82272 140058740909632 "GET /reports/ HTTP/1.1" 200 5165
INFO 2024-09-23 12:40:14,768 basehttp 82272 140058740909632 "GET /reports/new/ HTTP/1.1" 200 13181
INFO 2024-09-23 12:40:18,879 basehttp 82272 140058740909632 "GET / HTTP/1.1" 200 3845
INFO 2024-09-23 12:40:22,050 basehttp 82272 140058740909632 "GET /reports/ HTTP/1.1" 200 5165
INFO 2024-09-23 12:40:24,836 basehttp 82272 140058740909632 "GET / HTTP/1.1" 200 3845
INFO 2024-09-23 12:47:37,091 autoreload 82272 140058866278400 /home/osinnworld/alx-factory_pm/factory/areas/models.py changed, reloading.
INFO 2024-09-23 12:47:37,396 autoreload 84987 140093040848896 Watching for file changes with StatReloader
INFO 2024-09-23 12:47:38,567 autoreload 84987 140093040848896 /home/osinnworld/alx-factory_pm/factory/areas/models.py changed, reloading.
INFO 2024-09-23 12:47:39,027 autoreload 84998 140229238644736 Watching for file changes with StatReloader
INFO 2024-09-23 12:47:53,300 autoreload 84998 140229238644736 /home/osinnworld/alx-factory_pm/factory/areas/apps.py changed, reloading.
INFO 2024-09-23 12:47:53,546 autoreload 85073 140010868146176 Watching for file changes with StatReloader
INFO 2024-09-23 12:48:04,776 autoreload 85073 140010868146176 /home/osinnworld/alx-factory_pm/factory/areas/admin.py changed, reloading.
INFO 2024-09-23 12:48:05,002 autoreload 85132 140445184290816 Watching for file changes with StatReloader
INFO 2024-09-23 12:48:56,362 autoreload 85391 139788476043264 Watching for file changes with StatReloader
INFO 2024-09-23 12:48:57,852 basehttp 85391 139788359300672 "GET /admin/ HTTP/1.1" 200 15194
ERROR 2024-09-23 12:49:02,997 log 85391 139788359300672 Internal Server Error: /admin/areas/productionline/
Traceback (most recent call last):
  File "/home/osinnworld/alx-factory_pm/src/lib/python3.10/site-packages/django/db/backends/utils.py", line 105, in _execute
    return self.cursor.execute(sql, params)
  File "/home/osinnworld/alx-factory_pm/src/lib/python3.10/site-packages/django/db/backends/sqlite3/base.py", line 354, in execute
    return super().execute(query, params)
sqlite3.OperationalError: no such column: areas_productionline.created_at

The above exception was the direct cause of the following exception:

Traceback (most recent call last):
  File "/home/osinnworld/alx-factory_pm/src/lib/python3.10/site-packages/django/core/handlers/exception.py", line 55, in inner
    response = get_response(request)
  File "/home/osinnworld/alx-factory_pm/src/lib/python3.10/site-packages/django/core/handlers/base.py", line 197, in _get_response
    response = wrapped_callback(request, *callback_args, **callback_kwargs)
  File "/home/osinnworld/alx-factory_pm/src/lib/python3.10/site-packages/django/contrib/admin/options.py", line 718, in wrapper
    return self.admin_site.admin_view(view)(*args, **kwargs)
  File "/home/osinnworld/alx-factory_pm/src/lib/python3.10/site-packages/django/utils/decorators.py", line 188, in _view_wrapper
    result = _process_exception(request, e)
  File "/home/osinnworld/alx-factory_pm/src/lib/python3.10/site-packages/django/utils/decorators.py", line 186, in _view_wrapper
    response = view_func(request, *args, **kwargs)
  File "/home/osinnworld/alx-factory_pm/src/lib/python3.10/site-packages/django/views/decorators/cache.py", line 80, in _view_wrapper
    response = view_func(request, *args, **kwargs)
  File "/home/osinnworld/alx-factory_pm/src/lib/python3.10/site-packages/django/contrib/admin/sites.py", line 241, in inner
    return view(request, *args, **kwargs)
  File "/home/osinnworld/alx-factory_pm/src/lib/python3.10/site-packages/django/utils/decorators.py", line 48, in _wrapper
    return bound_method(*args, **kwargs)
  File "/home/osinnworld/alx-factory_pm/src/lib/python3.10/site-packages/django/utils/decorators.py", line 188, in _view_wrapper
    result = _process_exception(request, e)
  File "/home/osinnworld/alx-factory_pm/src/lib/python3.10/site-packages/django/utils/decorators.py", line 186, in _view_wrapper
    response = view_func(request, *args, **kwargs)
  File "/home/osinnworld/alx-factory_pm/src/lib/python3.10/site-packages/django/contrib/admin/options.py", line 2140, in changelist_view
    "selection_note": _("0 of %(cnt)s selected") % {"cnt": len(cl.result_list)},
  File "/home/osinnworld/alx-factory_pm/src/lib/python3.10/site-packages/django/db/models/query.py", line 382, in __len__
    self._fetch_all()
  File "/home/osinnworld/alx-factory_pm/src/lib/python3.10/site-packages/django/db/models/query.py", line 1928, in _fetch_all
    self._result_cache = list(self._iterable_class(self))
  File "/home/osinnworld/alx-factory_pm/src/lib/python3.10/site-packages/django/db/models/query.py", line 91, in __iter__
    results = compiler.execute_sql(
  File "/home/osinnworld/alx-factory_pm/src/lib/python3.10/site-packages/django/db/models/sql/compiler.py", line 1574, in execute_sql
    cursor.execute(sql, params)
  File "/home/osinnworld/alx-factory_pm/src/lib/python3.10/site-packages/django/db/backends/utils.py", line 122, in execute
    return super().execute(sql, params)
  File "/home/osinnworld/alx-factory_pm/src/lib/python3.10/site-packages/django/db/backends/utils.py", line 79, in execute
    return self._execute_with_wrappers(
  File "/home/osinnworld/alx-factory_pm/src/lib/python3.10/site-packages/django/db/backends/utils.py", line 92, in _execute_with_wrappers
    return executor(sql, params, many, context)
  File "/home/osinnworld/alx-factory_pm/src/lib/python3.10/site-packages/django/db/backends/utils.py", line 100, in _execute
    with self.db.wrap_database_errors:
  File "/home/osinnworld/alx-factory_pm/src/lib/python3.10/site-packages/django/db/utils.py", line 91, in __exit__
    raise dj_exc_value.with_traceback(traceback) from exc_value
  File "/home/osinnworld/alx-factory_pm/src/lib/python3.10/site-packages/django/db/backends/utils.py", line 105, in _execute
    return self.cursor.execute(sql, params)
  File "/home/osinnworld/alx-factory_pm/src/lib/python3.10/site-packages/django/db/backends/sqlite3/base.py", line 354, in execute
    return super().execute(query, params)
django.db.utils.OperationalError: no such column: areas_productionline.created_at
ERROR 2024-09-23 12:49:03,002 basehttp 85391 139788359300672 "GET /admin/areas/productionline/ HTTP/1.1" 500 183274
INFO 2024-09-23 12:49:04,951 basehttp 85391 139788359300672 "GET /admin/ HTTP/1.1" 200 15194
ERROR 2024-09-23 12:49:09,297 log 85391 139788359300672 Internal Server Error: /admin/areas/productionline/
Traceback (most recent call last):
  File "/home/osinnworld/alx-factory_pm/src/lib/python3.10/site-packages/django/db/backends/utils.py", line 105, in _execute
    return self.cursor.execute(sql, params)
  File "/home/osinnworld/alx-factory_pm/src/lib/python3.10/site-packages/django/db/backends/sqlite3/base.py", line 354, in execute
    return super().execute(query, params)
sqlite3.OperationalError: no such column: areas_productionline.created_at

The above exception was the direct cause of the following exception:

Traceback (most recent call last):
  File "/home/osinnworld/alx-factory_pm/src/lib/python3.10/site-packages/django/core/handlers/exception.py", line 55, in inner
    response = get_response(request)
  File "/home/osinnworld/alx-factory_pm/src/lib/python3.10/site-packages/django/core/handlers/base.py", line 197, in _get_response
    response = wrapped_callback(request, *callback_args, **callback_kwargs)
  File "/home/osinnworld/alx-factory_pm/src/lib/python3.10/site-packages/django/contrib/admin/options.py", line 718, in wrapper
    return self.admin_site.admin_view(view)(*args, **kwargs)
  File "/home/osinnworld/alx-factory_pm/src/lib/python3.10/site-packages/django/utils/decorators.py", line 188, in _view_wrapper
    result = _process_exception(request, e)
  File "/home/osinnworld/alx-factory_pm/src/lib/python3.10/site-packages/django/utils/decorators.py", line 186, in _view_wrapper
    response = view_func(request, *args, **kwargs)
  File "/home/osinnworld/alx-factory_pm/src/lib/python3.10/site-packages/django/views/decorators/cache.py", line 80, in _view_wrapper
    response = view_func(request, *args, **kwargs)
  File "/home/osinnworld/alx-factory_pm/src/lib/python3.10/site-packages/django/contrib/admin/sites.py", line 241, in inner
    return view(request, *args, **kwargs)
  File "/home/osinnworld/alx-factory_pm/src/lib/python3.10/site-packages/django/utils/decorators.py", line 48, in _wrapper
    return bound_method(*args, **kwargs)
  File "/home/osinnworld/alx-factory_pm/src/lib/python3.10/site-packages/django/utils/decorators.py", line 188, in _view_wrapper
    result = _process_exception(request, e)
  File "/home/osinnworld/alx-factory_pm/src/lib/python3.10/site-packages/django/utils/decorators.py", line 186, in _view_wrapper
    response = view_func(request, *args, **kwargs)
  File "/home/osinnworld/alx-factory_pm/src/lib/python3.10/site-packages/django/contrib/admin/options.py", line 2140, in changelist_view
    "selection_note": _("0 of %(cnt)s selected") % {"cnt": len(cl.result_list)},
  File "/home/osinnworld/alx-factory_pm/src/lib/python3.10/site-packages/django/db/models/query.py", line 382, in __len__
    self._fetch_all()
  File "/home/osinnworld/alx-factory_pm/src/lib/python3.10/site-packages/django/db/models/query.py", line 1928, in _fetch_all
    self._result_cache = list(self._iterable_class(self))
  File "/home/osinnworld/alx-factory_pm/src/lib/python3.10/site-packages/django/db/models/query.py", line 91, in __iter__
    results = compiler.execute_sql(
  File "/home/osinnworld/alx-factory_pm/src/lib/python3.10/site-packages/django/db/models/sql/compiler.py", line 1574, in execute_sql
    cursor.execute(sql, params)
  File "/home/osinnworld/alx-factory_pm/src/lib/python3.10/site-packages/django/db/backends/utils.py", line 122, in execute
    return super().execute(sql, params)
  File "/home/osinnworld/alx-factory_pm/src/lib/python3.10/site-packages/django/db/backends/utils.py", line 79, in execute
    return self._execute_with_wrappers(
  File "/home/osinnworld/alx-factory_pm/src/lib/python3.10/site-packages/django/db/backends/utils.py", line 92, in _execute_with_wrappers
    return executor(sql, params, many, context)
  File "/home/osinnworld/alx-factory_pm/src/lib/python3.10/site-packages/django/db/backends/utils.py", line 100, in _execute
    with self.db.wrap_database_errors:
  File "/home/osinnworld/alx-factory_pm/src/lib/python3.10/site-packages/django/db/utils.py", line 91, in __exit__
    raise dj_exc_value.with_traceback(traceback) from exc_value
  File "/home/osinnworld/alx-factory_pm/src/lib/python3.10/site-packages/django/db/backends/utils.py", line 105, in _execute
    return self.cursor.execute(sql, params)
  File "/home/osinnworld/alx-factory_pm/src/lib/python3.10/site-packages/django/db/backends/sqlite3/base.py", line 354, in execute
    return super().execute(query, params)
django.db.utils.OperationalError: no such column: areas_productionline.created_at
ERROR 2024-09-23 12:49:09,298 basehttp 85391 139788359300672 "GET /admin/areas/productionline/ HTTP/1.1" 500 183274
INFO 2024-09-23 12:49:12,504 basehttp 85391 139788359300672 "GET /admin/ HTTP/1.1" 200 15194
ERROR 2024-09-23 12:49:16,095 log 85391 139788359300672 Internal Server Error: /admin/areas/productionline/
Traceback (most recent call last):
  File "/home/osinnworld/alx-factory_pm/src/lib/python3.10/site-packages/django/db/backends/utils.py", line 105, in _execute
    return self.cursor.execute(sql, params)
  File "/home/osinnworld/alx-factory_pm/src/lib/python3.10/site-packages/django/db/backends/sqlite3/base.py", line 354, in execute
    return super().execute(query, params)
sqlite3.OperationalError: no such column: areas_productionline.created_at

The above exception was the direct cause of the following exception:

Traceback (most recent call last):
  File "/home/osinnworld/alx-factory_pm/src/lib/python3.10/site-packages/django/core/handlers/exception.py", line 55, in inner
    response = get_response(request)
  File "/home/osinnworld/alx-factory_pm/src/lib/python3.10/site-packages/django/core/handlers/base.py", line 197, in _get_response
    response = wrapped_callback(request, *callback_args, **callback_kwargs)
  File "/home/osinnworld/alx-factory_pm/src/lib/python3.10/site-packages/django/contrib/admin/options.py", line 718, in wrapper
    return self.admin_site.admin_view(view)(*args, **kwargs)
  File "/home/osinnworld/alx-factory_pm/src/lib/python3.10/site-packages/django/utils/decorators.py", line 188, in _view_wrapper
    result = _process_exception(request, e)
  File "/home/osinnworld/alx-factory_pm/src/lib/python3.10/site-packages/django/utils/decorators.py", line 186, in _view_wrapper
    response = view_func(request, *args, **kwargs)
  File "/home/osinnworld/alx-factory_pm/src/lib/python3.10/site-packages/django/views/decorators/cache.py", line 80, in _view_wrapper
    response = view_func(request, *args, **kwargs)
  File "/home/osinnworld/alx-factory_pm/src/lib/python3.10/site-packages/django/contrib/admin/sites.py", line 241, in inner
    return view(request, *args, **kwargs)
  File "/home/osinnworld/alx-factory_pm/src/lib/python3.10/site-packages/django/utils/decorators.py", line 48, in _wrapper
    return bound_method(*args, **kwargs)
  File "/home/osinnworld/alx-factory_pm/src/lib/python3.10/site-packages/django/utils/decorators.py", line 188, in _view_wrapper
    result = _process_exception(request, e)
  File "/home/osinnworld/alx-factory_pm/src/lib/python3.10/site-packages/django/utils/decorators.py", line 186, in _view_wrapper
    response = view_func(request, *args, **kwargs)
  File "/home/osinnworld/alx-factory_pm/src/lib/python3.10/site-packages/django/contrib/admin/options.py", line 2140, in changelist_view
    "selection_note": _("0 of %(cnt)s selected") % {"cnt": len(cl.result_list)},
  File "/home/osinnworld/alx-factory_pm/src/lib/python3.10/site-packages/django/db/models/query.py", line 382, in __len__
    self._fetch_all()
  File "/home/osinnworld/alx-factory_pm/src/lib/python3.10/site-packages/django/db/models/query.py", line 1928, in _fetch_all
    self._result_cache = list(self._iterable_class(self))
  File "/home/osinnworld/alx-factory_pm/src/lib/python3.10/site-packages/django/db/models/query.py", line 91, in __iter__
    results = compiler.execute_sql(
  File "/home/osinnworld/alx-factory_pm/src/lib/python3.10/site-packages/django/db/models/sql/compiler.py", line 1574, in execute_sql
    cursor.execute(sql, params)
  File "/home/osinnworld/alx-factory_pm/src/lib/python3.10/site-packages/django/db/backends/utils.py", line 122, in execute
    return super().execute(sql, params)
  File "/home/osinnworld/alx-factory_pm/src/lib/python3.10/site-packages/django/db/backends/utils.py", line 79, in execute
    return self._execute_with_wrappers(
  File "/home/osinnworld/alx-factory_pm/src/lib/python3.10/site-packages/django/db/backends/utils.py", line 92, in _execute_with_wrappers
    return executor(sql, params, many, context)
  File "/home/osinnworld/alx-factory_pm/src/lib/python3.10/site-packages/django/db/backends/utils.py", line 100, in _execute
    with self.db.wrap_database_errors:
  File "/home/osinnworld/alx-factory_pm/src/lib/python3.10/site-packages/django/db/utils.py", line 91, in __exit__
    raise dj_exc_value.with_traceback(traceback) from exc_value
  File "/home/osinnworld/alx-factory_pm/src/lib/python3.10/site-packages/django/db/backends/utils.py", line 105, in _execute
    return self.cursor.execute(sql, params)
  File "/home/osinnworld/alx-factory_pm/src/lib/python3.10/site-packages/django/db/backends/sqlite3/base.py", line 354, in execute
    return super().execute(query, params)
django.db.utils.OperationalError: no such column: areas_productionline.created_at
ERROR 2024-09-23 12:49:16,096 basehttp 85391 139788359300672 "GET /admin/areas/productionline/ HTTP/1.1" 500 183274
INFO 2024-09-23 12:49:17,574 basehttp 85391 139788359300672 "GET /admin/ HTTP/1.1" 200 15194
INFO 2024-09-23 12:49:39,590 basehttp 85391 139788359300672 "GET /admin/areas/productionline/add/ HTTP/1.1" 200 16436
INFO 2024-09-23 12:49:39,632 basehttp 85391 139788350907968 "GET /static/admin/js/SelectBox.js HTTP/1.1" 200 4530
INFO 2024-09-23 12:49:39,632 basehttp 85391 139788359300672 "GET /admin/jsi18n/ HTTP/1.1" 200 3342
INFO 2024-09-23 12:49:39,633 basehttp 85391 139788338320960 "GET /static/admin/js/SelectFilter2.js HTTP/1.1" 200 15502
INFO 2024-09-23 12:49:39,821 basehttp 85391 139788338320960 "GET /static/admin/img/selector-icons.svg HTTP/1.1" 200 3291
INFO 2024-09-23 12:49:39,821 basehttp 85391 139788350907968 "GET /static/admin/img/icon-unknown-alt.svg HTTP/1.1" 200 655
INFO 2024-09-23 12:49:39,822 basehttp 85391 139788359300672 "GET /static/admin/img/icon-unknown.svg HTTP/1.1" 200 655
INFO 2024-09-23 12:49:48,158 basehttp 85391 139788359300672 "GET /admin/products/product/ HTTP/1.1" 200 13744
INFO 2024-09-23 12:49:48,187 basehttp 85391 139788359300672 "GET /admin/jsi18n/ HTTP/1.1" 200 3342
INFO 2024-09-23 12:49:50,371 basehttp 85391 139788359300672 "GET /admin/products/product/4/change/ HTTP/1.1" 200 14606
INFO 2024-09-23 12:49:50,395 basehttp 85391 139788359300672 "GET /admin/jsi18n/ HTTP/1.1" 200 3342
INFO 2024-09-23 12:49:51,723 basehttp 85391 139788359300672 "GET /admin/products/product/4/delete/ HTTP/1.1" 200 12017
INFO 2024-09-23 12:49:52,875 basehttp 85391 139788359300672 "POST /admin/products/product/4/delete/ HTTP/1.1" 302 0
INFO 2024-09-23 12:49:52,919 basehttp 85391 139788359300672 "GET /admin/products/product/ HTTP/1.1" 200 13627
INFO 2024-09-23 12:49:52,985 basehttp 85391 139788359300672 "GET /admin/jsi18n/ HTTP/1.1" 200 3342
INFO 2024-09-23 12:49:54,247 basehttp 85391 139788359300672 "GET /admin/products/product/3/change/ HTTP/1.1" 200 14621
INFO 2024-09-23 12:49:54,270 basehttp 85391 139788359300672 "GET /admin/jsi18n/ HTTP/1.1" 200 3342
INFO 2024-09-23 12:49:55,183 basehttp 85391 139788359300672 "GET /admin/products/product/3/delete/ HTTP/1.1" 200 11687
INFO 2024-09-23 12:49:56,175 basehttp 85391 139788359300672 "POST /admin/products/product/3/delete/ HTTP/1.1" 302 0
INFO 2024-09-23 12:49:56,190 basehttp 85391 139788359300672 "GET /admin/products/product/ HTTP/1.1" 200 13330
INFO 2024-09-23 12:49:56,265 basehttp 85391 139788359300672 "GET /admin/jsi18n/ HTTP/1.1" 200 3342
INFO 2024-09-23 12:49:56,976 basehttp 85391 139788359300672 "GET /admin/products/product/6/change/ HTTP/1.1" 200 14626
INFO 2024-09-23 12:49:57,000 basehttp 85391 139788359300672 "GET /admin/jsi18n/ HTTP/1.1" 200 3342
INFO 2024-09-23 12:49:57,918 basehttp 85391 139788359300672 "GET /admin/products/product/6/delete/ HTTP/1.1" 200 11690
INFO 2024-09-23 12:49:58,742 basehttp 85391 139788359300672 "POST /admin/products/product/6/delete/ HTTP/1.1" 302 0
INFO 2024-09-23 12:49:58,757 basehttp 85391 139788359300672 "GET /admin/products/product/ HTTP/1.1" 200 13028
INFO 2024-09-23 12:49:58,824 basehttp 85391 139788359300672 "GET /admin/jsi18n/ HTTP/1.1" 200 3342
INFO 2024-09-23 12:49:59,559 basehttp 85391 139788359300672 "GET /admin/products/product/5/change/ HTTP/1.1" 200 14626
INFO 2024-09-23 12:49:59,587 basehttp 85391 139788359300672 "GET /admin/jsi18n/ HTTP/1.1" 200 3342
INFO 2024-09-23 12:50:00,397 basehttp 85391 139788359300672 "GET /admin/products/product/5/delete/ HTTP/1.1" 200 11690
INFO 2024-09-23 12:50:01,655 basehttp 85391 139788359300672 "POST /admin/products/product/5/delete/ HTTP/1.1" 302 0
INFO 2024-09-23 12:50:01,668 basehttp 85391 139788359300672 "GET /admin/products/product/ HTTP/1.1" 200 11710
INFO 2024-09-23 12:50:01,735 basehttp 85391 139788359300672 "GET /admin/jsi18n/ HTTP/1.1" 200 3342
ERROR 2024-09-23 12:50:02,855 log 85391 139788359300672 Internal Server Error: /admin/areas/productionline/
Traceback (most recent call last):
  File "/home/osinnworld/alx-factory_pm/src/lib/python3.10/site-packages/django/db/backends/utils.py", line 105, in _execute
    return self.cursor.execute(sql, params)
  File "/home/osinnworld/alx-factory_pm/src/lib/python3.10/site-packages/django/db/backends/sqlite3/base.py", line 354, in execute
    return super().execute(query, params)
sqlite3.OperationalError: no such column: areas_productionline.created_at

The above exception was the direct cause of the following exception:

Traceback (most recent call last):
  File "/home/osinnworld/alx-factory_pm/src/lib/python3.10/site-packages/django/core/handlers/exception.py", line 55, in inner
    response = get_response(request)
  File "/home/osinnworld/alx-factory_pm/src/lib/python3.10/site-packages/django/core/handlers/base.py", line 197, in _get_response
    response = wrapped_callback(request, *callback_args, **callback_kwargs)
  File "/home/osinnworld/alx-factory_pm/src/lib/python3.10/site-packages/django/contrib/admin/options.py", line 718, in wrapper
    return self.admin_site.admin_view(view)(*args, **kwargs)
  File "/home/osinnworld/alx-factory_pm/src/lib/python3.10/site-packages/django/utils/decorators.py", line 188, in _view_wrapper
    result = _process_exception(request, e)
  File "/home/osinnworld/alx-factory_pm/src/lib/python3.10/site-packages/django/utils/decorators.py", line 186, in _view_wrapper
    response = view_func(request, *args, **kwargs)
  File "/home/osinnworld/alx-factory_pm/src/lib/python3.10/site-packages/django/views/decorators/cache.py", line 80, in _view_wrapper
    response = view_func(request, *args, **kwargs)
  File "/home/osinnworld/alx-factory_pm/src/lib/python3.10/site-packages/django/contrib/admin/sites.py", line 241, in inner
    return view(request, *args, **kwargs)
  File "/home/osinnworld/alx-factory_pm/src/lib/python3.10/site-packages/django/utils/decorators.py", line 48, in _wrapper
    return bound_method(*args, **kwargs)
  File "/home/osinnworld/alx-factory_pm/src/lib/python3.10/site-packages/django/utils/decorators.py", line 188, in _view_wrapper
    result = _process_exception(request, e)
  File "/home/osinnworld/alx-factory_pm/src/lib/python3.10/site-packages/django/utils/decorators.py", line 186, in _view_wrapper
    response = view_func(request, *args, **kwargs)
  File "/home/osinnworld/alx-factory_pm/src/lib/python3.10/site-packages/django/contrib/admin/options.py", line 2140, in changelist_view
    "selection_note": _("0 of %(cnt)s selected") % {"cnt": len(cl.result_list)},
  File "/home/osinnworld/alx-factory_pm/src/lib/python3.10/site-packages/django/db/models/query.py", line 382, in __len__
    self._fetch_all()
  File "/home/osinnworld/alx-factory_pm/src/lib/python3.10/site-packages/django/db/models/query.py", line 1928, in _fetch_all
    self._result_cache = list(self._iterable_class(self))
  File "/home/osinnworld/alx-factory_pm/src/lib/python3.10/site-packages/django/db/models/query.py", line 91, in __iter__
    results = compiler.execute_sql(
  File "/home/osinnworld/alx-factory_pm/src/lib/python3.10/site-packages/django/db/models/sql/compiler.py", line 1574, in execute_sql
    cursor.execute(sql, params)
  File "/home/osinnworld/alx-factory_pm/src/lib/python3.10/site-packages/django/db/backends/utils.py", line 122, in execute
    return super().execute(sql, params)
  File "/home/osinnworld/alx-factory_pm/src/lib/python3.10/site-packages/django/db/backends/utils.py", line 79, in execute
    return self._execute_with_wrappers(
  File "/home/osinnworld/alx-factory_pm/src/lib/python3.10/site-packages/django/db/backends/utils.py", line 92, in _execute_with_wrappers
    return executor(sql, params, many, context)
  File "/home/osinnworld/alx-factory_pm/src/lib/python3.10/site-packages/django/db/backends/utils.py", line 100, in _execute
    with self.db.wrap_database_errors:
  File "/home/osinnworld/alx-factory_pm/src/lib/python3.10/site-packages/django/db/utils.py", line 91, in __exit__
    raise dj_exc_value.with_traceback(traceback) from exc_value
  File "/home/osinnworld/alx-factory_pm/src/lib/python3.10/site-packages/django/db/backends/utils.py", line 105, in _execute
    return self.cursor.execute(sql, params)
  File "/home/osinnworld/alx-factory_pm/src/lib/python3.10/site-packages/django/db/backends/sqlite3/base.py", line 354, in execute
    return super().execute(query, params)
django.db.utils.OperationalError: no such column: areas_productionline.created_at
ERROR 2024-09-23 12:50:02,856 basehttp 85391 139788359300672 "GET /admin/areas/productionline/ HTTP/1.1" 500 183291
INFO 2024-09-23 12:50:04,624 basehttp 85391 139788359300672 "GET /admin/products/product/ HTTP/1.1" 200 11529
INFO 2024-09-23 12:50:06,814 basehttp 85391 139788359300672 "GET /admin/products/product/ HTTP/1.1" 200 11529
INFO 2024-09-23 12:50:06,838 basehttp 85391 139788359300672 "GET /admin/jsi18n/ HTTP/1.1" 200 3342
INFO 2024-09-23 12:50:08,779 basehttp 85391 139788359300672 "GET /admin/profiles/profile/ HTTP/1.1" 200 13159
INFO 2024-09-23 12:50:08,805 basehttp 85391 139788359300672 "GET /admin/jsi18n/ HTTP/1.1" 200 3342
ERROR 2024-09-23 12:50:10,753 log 85391 139788359300672 Internal Server Error: /admin/areas/productionline/
Traceback (most recent call last):
  File "/home/osinnworld/alx-factory_pm/src/lib/python3.10/site-packages/django/db/backends/utils.py", line 105, in _execute
    return self.cursor.execute(sql, params)
  File "/home/osinnworld/alx-factory_pm/src/lib/python3.10/site-packages/django/db/backends/sqlite3/base.py", line 354, in execute
    return super().execute(query, params)
sqlite3.OperationalError: no such column: areas_productionline.created_at

The above exception was the direct cause of the following exception:

Traceback (most recent call last):
  File "/home/osinnworld/alx-factory_pm/src/lib/python3.10/site-packages/django/core/handlers/exception.py", line 55, in inner
    response = get_response(request)
  File "/home/osinnworld/alx-factory_pm/src/lib/python3.10/site-packages/django/core/handlers/base.py", line 197, in _get_response
    response = wrapped_callback(request, *callback_args, **callback_kwargs)
  File "/home/osinnworld/alx-factory_pm/src/lib/python3.10/site-packages/django/contrib/admin/options.py", line 718, in wrapper
    return self.admin_site.admin_view(view)(*args, **kwargs)
  File "/home/osinnworld/alx-factory_pm/src/lib/python3.10/site-packages/django/utils/decorators.py", line 188, in _view_wrapper
    result = _process_exception(request, e)
  File "/home/osinnworld/alx-factory_pm/src/lib/python3.10/site-packages/django/utils/decorators.py", line 186, in _view_wrapper
    response = view_func(request, *args, **kwargs)
  File "/home/osinnworld/alx-factory_pm/src/lib/python3.10/site-packages/django/views/decorators/cache.py", line 80, in _view_wrapper
    response = view_func(request, *args, **kwargs)
  File "/home/osinnworld/alx-factory_pm/src/lib/python3.10/site-packages/django/contrib/admin/sites.py", line 241, in inner
    return view(request, *args, **kwargs)
  File "/home/osinnworld/alx-factory_pm/src/lib/python3.10/site-packages/django/utils/decorators.py", line 48, in _wrapper
    return bound_method(*args, **kwargs)
  File "/home/osinnworld/alx-factory_pm/src/lib/python3.10/site-packages/django/utils/decorators.py", line 188, in _view_wrapper
    result = _process_exception(request, e)
  File "/home/osinnworld/alx-factory_pm/src/lib/python3.10/site-packages/django/utils/decorators.py", line 186, in _view_wrapper
    response = view_func(request, *args, **kwargs)
  File "/home/osinnworld/alx-factory_pm/src/lib/python3.10/site-packages/django/contrib/admin/options.py", line 2140, in changelist_view
    "selection_note": _("0 of %(cnt)s selected") % {"cnt": len(cl.result_list)},
  File "/home/osinnworld/alx-factory_pm/src/lib/python3.10/site-packages/django/db/models/query.py", line 382, in __len__
    self._fetch_all()
  File "/home/osinnworld/alx-factory_pm/src/lib/python3.10/site-packages/django/db/models/query.py", line 1928, in _fetch_all
    self._result_cache = list(self._iterable_class(self))
  File "/home/osinnworld/alx-factory_pm/src/lib/python3.10/site-packages/django/db/models/query.py", line 91, in __iter__
    results = compiler.execute_sql(
  File "/home/osinnworld/alx-factory_pm/src/lib/python3.10/site-packages/django/db/models/sql/compiler.py", line 1574, in execute_sql
    cursor.execute(sql, params)
  File "/home/osinnworld/alx-factory_pm/src/lib/python3.10/site-packages/django/db/backends/utils.py", line 122, in execute
    return super().execute(sql, params)
  File "/home/osinnworld/alx-factory_pm/src/lib/python3.10/site-packages/django/db/backends/utils.py", line 79, in execute
    return self._execute_with_wrappers(
  File "/home/osinnworld/alx-factory_pm/src/lib/python3.10/site-packages/django/db/backends/utils.py", line 92, in _execute_with_wrappers
    return executor(sql, params, many, context)
  File "/home/osinnworld/alx-factory_pm/src/lib/python3.10/site-packages/django/db/backends/utils.py", line 100, in _execute
    with self.db.wrap_database_errors:
  File "/home/osinnworld/alx-factory_pm/src/lib/python3.10/site-packages/django/db/utils.py", line 91, in __exit__
    raise dj_exc_value.with_traceback(traceback) from exc_value
  File "/home/osinnworld/alx-factory_pm/src/lib/python3.10/site-packages/django/db/backends/utils.py", line 105, in _execute
    return self.cursor.execute(sql, params)
  File "/home/osinnworld/alx-factory_pm/src/lib/python3.10/site-packages/django/db/backends/sqlite3/base.py", line 354, in execute
    return super().execute(query, params)
django.db.utils.OperationalError: no such column: areas_productionline.created_at
ERROR 2024-09-23 12:50:10,755 basehttp 85391 139788359300672 "GET /admin/areas/productionline/ HTTP/1.1" 500 183291
INFO 2024-09-23 12:50:12,131 basehttp 85391 139788359300672 "GET /admin/profiles/profile/ HTTP/1.1" 200 13159
INFO 2024-09-23 12:50:12,967 basehttp 85391 139788359300672 "GET /admin/categories/category/ HTTP/1.1" 200 11546
INFO 2024-09-23 12:50:12,992 basehttp 85391 139788359300672 "GET /admin/jsi18n/ HTTP/1.1" 200 3342
INFO 2024-09-23 12:50:21,089 autoreload 85391 139788476043264 /home/osinnworld/alx-factory_pm/factory/areas/admin.py changed, reloading.
INFO 2024-09-23 12:50:21,356 autoreload 85742 139671396225024 Watching for file changes with StatReloader
INFO 2024-09-23 12:50:25,562 autoreload 85742 139671396225024 /home/osinnworld/alx-factory_pm/factory/areas/apps.py changed, reloading.
INFO 2024-09-23 12:50:25,831 autoreload 85772 140030022189056 Watching for file changes with StatReloader
INFO 2024-09-23 12:50:30,022 autoreload 85772 140030022189056 /home/osinnworld/alx-factory_pm/factory/areas/models.py changed, reloading.
INFO 2024-09-23 12:50:30,243 autoreload 85801 140298757267456 Watching for file changes with StatReloader
INFO 2024-09-23 12:50:53,523 basehttp 85801 140298708579904 "GET /admin/products/product/add/ HTTP/1.1" 200 14292
INFO 2024-09-23 12:50:53,566 basehttp 85801 140298708579904 "GET /admin/jsi18n/ HTTP/1.1" 200 3342
INFO 2024-09-23 12:51:27,422 basehttp 85801 140298708579904 "POST /admin/products/product/add/ HTTP/1.1" 302 0
INFO 2024-09-23 12:51:27,457 basehttp 85801 140298708579904 "GET /admin/products/product/ HTTP/1.1" 200 13037
INFO 2024-09-23 12:51:27,535 basehttp 85801 140298708579904 "GET /admin/jsi18n/ HTTP/1.1" 200 3342
INFO 2024-09-23 12:51:30,225 basehttp 85801 140298708579904 "GET /admin/products/product/add/ HTTP/1.1" 200 14292
INFO 2024-09-23 12:51:30,253 basehttp 85801 140298708579904 "GET /admin/jsi18n/ HTTP/1.1" 200 3342
INFO 2024-09-23 12:51:57,552 basehttp 85801 140298708579904 "POST /admin/products/product/add/ HTTP/1.1" 302 0
INFO 2024-09-23 12:51:57,565 basehttp 85801 140298708579904 "GET /admin/products/product/ HTTP/1.1" 200 13336
INFO 2024-09-23 12:51:57,659 basehttp 85801 140298708579904 "GET /admin/jsi18n/ HTTP/1.1" 200 3342
INFO 2024-09-23 12:52:01,169 basehttp 85801 140298708579904 "GET /admin/products/product/add/ HTTP/1.1" 200 14292
INFO 2024-09-23 12:52:01,190 basehttp 85801 140298708579904 "GET /admin/jsi18n/ HTTP/1.1" 200 3342
INFO 2024-09-23 12:52:16,330 basehttp 85801 140298708579904 "POST /admin/products/product/add/ HTTP/1.1" 302 0
INFO 2024-09-23 12:52:16,343 basehttp 85801 140298708579904 "GET /admin/products/product/ HTTP/1.1" 200 13632
INFO 2024-09-23 12:52:16,414 basehttp 85801 140298708579904 "GET /admin/jsi18n/ HTTP/1.1" 200 3342
INFO 2024-09-23 12:52:19,570 basehttp 85801 140298708579904 "GET /admin/products/product/add/ HTTP/1.1" 200 14292
INFO 2024-09-23 12:52:19,595 basehttp 85801 140298708579904 "GET /admin/jsi18n/ HTTP/1.1" 200 3342
INFO 2024-09-23 12:52:38,139 basehttp 85801 140298708579904 "POST /admin/products/product/add/ HTTP/1.1" 302 0
INFO 2024-09-23 12:52:38,154 basehttp 85801 140298708579904 "GET /admin/products/product/ HTTP/1.1" 200 13937
INFO 2024-09-23 12:52:38,220 basehttp 85801 140298708579904 "GET /admin/jsi18n/ HTTP/1.1" 200 3342
INFO 2024-09-23 12:52:41,390 basehttp 85801 140298708579904 "GET /admin/areas/productionline/ HTTP/1.1" 200 13180
INFO 2024-09-23 12:52:41,414 basehttp 85801 140298708579904 "GET /admin/jsi18n/ HTTP/1.1" 200 3342
INFO 2024-09-23 12:52:45,872 basehttp 85801 140298708579904 "GET /admin/areas/productionline/add/ HTTP/1.1" 200 16217
INFO 2024-09-23 12:52:45,894 basehttp 85801 140298708579904 "GET /admin/jsi18n/ HTTP/1.1" 200 3342
INFO 2024-09-23 12:53:09,548 basehttp 85801 140298708579904 "POST /admin/areas/productionline/add/ HTTP/1.1" 302 0
INFO 2024-09-23 12:53:09,564 basehttp 85801 140298708579904 "GET /admin/areas/productionline/ HTTP/1.1" 200 13707
INFO 2024-09-23 12:53:09,633 basehttp 85801 140298708579904 "GET /admin/jsi18n/ HTTP/1.1" 200 3342
INFO 2024-09-23 12:53:11,751 basehttp 85801 140298708579904 "GET /admin/areas/productionline/ HTTP/1.1" 200 13474
INFO 2024-09-23 12:53:11,775 basehttp 85801 140298708579904 "GET /admin/jsi18n/ HTTP/1.1" 200 3342
INFO 2024-09-23 12:53:16,955 basehttp 85801 140298708579904 "GET /admin/categories/category/ HTTP/1.1" 200 11524
INFO 2024-09-23 12:53:16,985 basehttp 85801 140298708579904 "GET /admin/jsi18n/ HTTP/1.1" 200 3342
INFO 2024-09-23 12:53:19,002 basehttp 85801 140298708579904 "GET /admin/categories/category/add/ HTTP/1.1" 200 13408
INFO 2024-09-23 12:53:19,026 basehttp 85801 140298708579904 "GET /admin/jsi18n/ HTTP/1.1" 200 3342
INFO 2024-09-23 12:53:39,795 basehttp 85801 140298708579904 "POST /admin/categories/category/add/ HTTP/1.1" 302 0
INFO 2024-09-23 12:53:39,809 basehttp 85801 140298708579904 "GET /admin/categories/category/ HTTP/1.1" 200 13024
INFO 2024-09-23 12:53:39,873 basehttp 85801 140298708579904 "GET /admin/jsi18n/ HTTP/1.1" 200 3342
INFO 2024-09-23 12:53:42,236 basehttp 85801 140298708579904 "GET /admin/categories/category/add/ HTTP/1.1" 200 13408
INFO 2024-09-23 12:53:42,260 basehttp 85801 140298708579904 "GET /admin/jsi18n/ HTTP/1.1" 200 3342
INFO 2024-09-23 12:53:58,140 basehttp 85801 140298708579904 "POST /admin/categories/category/add/ HTTP/1.1" 302 0
INFO 2024-09-23 12:53:58,153 basehttp 85801 140298708579904 "GET /admin/categories/category/ HTTP/1.1" 200 13301
INFO 2024-09-23 12:53:58,223 basehttp 85801 140298708579904 "GET /admin/jsi18n/ HTTP/1.1" 200 3342
INFO 2024-09-23 12:54:01,264 basehttp 85801 140298708579904 "GET /admin/areas/productionline/ HTTP/1.1" 200 13474
INFO 2024-09-23 12:54:01,288 basehttp 85801 140298708579904 "GET /admin/jsi18n/ HTTP/1.1" 200 3342
INFO 2024-09-23 12:54:13,870 basehttp 85801 140298708579904 "GET /admin/auth/user/ HTTP/1.1" 200 17238
INFO 2024-09-23 12:54:13,896 basehttp 85801 140298708579904 "GET /admin/jsi18n/ HTTP/1.1" 200 3342
INFO 2024-09-23 12:54:17,452 basehttp 85801 140298708579904 "GET /admin/auth/group/ HTTP/1.1" 200 11830
INFO 2024-09-23 12:54:17,475 basehttp 85801 140298708579904 "GET /admin/jsi18n/ HTTP/1.1" 200 3342
INFO 2024-09-23 12:54:18,972 basehttp 85801 140298708579904 "GET /admin/auth/group/add/ HTTP/1.1" 200 17776
INFO 2024-09-23 12:54:18,996 basehttp 85801 140298708579904 "GET /admin/jsi18n/ HTTP/1.1" 200 3342
INFO 2024-09-23 12:54:32,683 basehttp 85801 140298708579904 "GET /admin/auth/user/add/ HTTP/1.1" 200 16110
INFO 2024-09-23 12:54:32,717 basehttp 85801 140298708579904 "GET /admin/jsi18n/ HTTP/1.1" 200 3342
INFO 2024-09-23 12:54:32,718 basehttp 85801 140298688648768 "GET /static/admin/css/unusable_password_field.css HTTP/1.1" 200 663
INFO 2024-09-23 12:54:32,753 basehttp 85801 140298688648768 "GET /static/admin/js/unusable_password_field.js HTTP/1.1" 200 1480
INFO 2024-09-23 12:54:38,014 basehttp 85801 140298708579904 "GET /admin/categories/category/ HTTP/1.1" 200 13086
INFO 2024-09-23 12:54:38,036 basehttp 85801 140298708579904 "GET /admin/jsi18n/ HTTP/1.1" 200 3342
INFO 2024-09-23 12:54:40,422 basehttp 85801 140298708579904 "GET /admin/products/product/ HTTP/1.1" 200 13710
INFO 2024-09-23 12:54:40,443 basehttp 85801 140298708579904 "GET /admin/jsi18n/ HTTP/1.1" 200 3342
INFO 2024-09-23 12:54:42,281 basehttp 85801 140298708579904 "GET /admin/profiles/profile/ HTTP/1.1" 200 13137
INFO 2024-09-23 12:54:42,305 basehttp 85801 140298708579904 "GET /admin/jsi18n/ HTTP/1.1" 200 3342
INFO 2024-09-23 12:54:44,698 basehttp 85801 140298708579904 "GET /admin/reports/problemcategory/ HTTP/1.1" 200 13409
INFO 2024-09-23 12:54:44,725 basehttp 85801 140298708579904 "GET /admin/jsi18n/ HTTP/1.1" 200 3342
INFO 2024-09-23 12:54:47,350 basehttp 85801 140298708579904 "GET /admin/reports/report/ HTTP/1.1" 200 11551
INFO 2024-09-23 12:54:47,378 basehttp 85801 140298708579904 "GET /admin/jsi18n/ HTTP/1.1" 200 3342
INFO 2024-09-23 12:54:51,557 basehttp 85801 140298708579904 "GET /admin/reports/problemreported/ HTTP/1.1" 200 11564
INFO 2024-09-23 12:54:51,583 basehttp 85801 140298708579904 "GET /admin/jsi18n/ HTTP/1.1" 200 3342
INFO 2024-09-23 12:54:55,536 basehttp 85801 140298708579904 "GET /admin/areas/productionline/ HTTP/1.1" 200 13474
INFO 2024-09-23 12:54:55,561 basehttp 85801 140298708579904 "GET /admin/jsi18n/ HTTP/1.1" 200 3342
INFO 2024-09-23 12:55:06,748 basehttp 85801 140298708579904 "GET / HTTP/1.1" 200 3845
INFO 2024-09-23 12:55:08,763 basehttp 85801 140298708579904 "GET /reports/ HTTP/1.1" 200 4086
INFO 2024-09-23 12:55:15,543 basehttp 85801 140298708579904 "GET /reports/new/ HTTP/1.1" 200 13225
INFO 2024-09-23 12:55:23,968 basehttp 85801 140298708579904 "POST /reports/new/ HTTP/1.1" 200 13687
INFO 2024-09-23 12:55:36,783 views 85801 140298708579904 Report created: ID=2, User=osinnworld, Date=2024-09-23, Product=Cup-Red (Code: CR01)
INFO 2024-09-23 12:55:36,784 basehttp 85801 140298708579904 "POST /reports/new/ HTTP/1.1" 302 0
INFO 2024-09-23 12:55:36,800 basehttp 85801 140298708579904 "GET /reports/dashboard/ HTTP/1.1" 200 7671
INFO 2024-09-23 12:55:40,240 basehttp 85801 140298708579904 "GET /reports/ HTTP/1.1" 200 5227
INFO 2024-09-23 12:55:44,733 basehttp 85801 140298708579904 "GET /reports/2/ HTTP/1.1" 200 6928
INFO 2024-09-23 12:56:06,510 basehttp 85801 140298708579904 "POST /reports/2/ HTTP/1.1" 302 0
INFO 2024-09-23 12:56:06,526 basehttp 85801 140298708579904 "GET /reports/2/ HTTP/1.1" 200 8116
INFO 2024-09-23 12:56:10,353 basehttp 85801 140298708579904 "GET /reports/problem/2/update/ HTTP/1.1" 200 4988
INFO 2024-09-23 12:56:15,025 basehttp 85801 140298708579904 "POST /reports/problem/2/update/ HTTP/1.1" 302 0
INFO 2024-09-23 12:56:15,040 basehttp 85801 140298708579904 "GET /reports/2/ HTTP/1.1" 200 8115
INFO 2024-09-23 12:56:18,864 basehttp 85801 140298708579904 "GET /reports/ HTTP/1.1" 200 5227
INFO 2024-09-23 12:56:21,555 basehttp 85801 140298708579904 "GET /reports/dashboard/ HTTP/1.1" 200 7403
INFO 2024-09-23 12:56:32,488 basehttp 85801 140298708579904 "GET /reports/dashboard/ HTTP/1.1" 200 7403
INFO 2024-09-23 12:56:40,644 basehttp 85801 140298708579904 "GET /reports/dashboard/ HTTP/1.1" 200 7403
INFO 2024-09-23 12:57:39,367 basehttp 85801 140298708579904 "GET /reports/ HTTP/1.1" 200 5227
INFO 2024-09-23 12:57:41,544 basehttp 85801 140298708579904 "GET / HTTP/1.1" 200 3845
INFO 2024-09-23 12:57:43,084 basehttp 85801 140298708579904 "GET / HTTP/1.1" 200 3845
INFO 2024-09-23 12:57:46,369 basehttp 85801 140298708579904 "GET /reports/ HTTP/1.1" 200 5227
INFO 2024-09-23 12:57:50,553 basehttp 85801 140298708579904 "GET /reports/ HTTP/1.1" 200 5227
INFO 2024-09-23 12:57:52,157 basehttp 85801 140298708579904 "GET /reports/dashboard/ HTTP/1.1" 200 7403
INFO 2024-09-23 12:59:28,228 basehttp 85801 140298708579904 "GET / HTTP/1.1" 200 3845
INFO 2024-09-23 12:59:31,588 basehttp 85801 140298708579904 "POST /accounts/logout/ HTTP/1.1" 302 0
INFO 2024-09-23 12:59:31,595 basehttp 85801 140298708579904 "GET / HTTP/1.1" 200 3767
INFO 2024-09-23 12:59:35,560 basehttp 85801 140298708579904 "GET /reports/ HTTP/1.1" 302 0
INFO 2024-09-23 12:59:35,570 basehttp 85801 140298708579904 "GET /accounts/login/?next=/reports/ HTTP/1.1" 200 4304
INFO 2024-09-23 16:26:18,671 autoreload 151606 140637178814464 Watching for file changes with StatReloader
INFO 2024-09-23 16:26:21,997 basehttp 151606 140637129143872 "GET / HTTP/1.1" 200 3362
INFO 2024-09-23 16:26:22,066 basehttp 151606 140637129143872 "GET /static/css/style.css HTTP/1.1" 200 1081
INFO 2024-09-23 16:27:22,920 basehttp 151606 140637129143872 "GET /reports/dashboard/ HTTP/1.1" 302 0
INFO 2024-09-23 16:27:22,937 basehttp 151606 140637129143872 "GET /accounts/login/?next=/reports/dashboard/ HTTP/1.1" 200 4304
INFO 2024-09-23 16:27:29,904 basehttp 151606 140637129143872 "POST /accounts/login/?next=/reports/dashboard/ HTTP/1.1" 302 0
INFO 2024-09-23 16:27:29,933 basehttp 151606 140637129143872 "GET /reports/dashboard/ HTTP/1.1" 200 7802
INFO 2024-09-23 16:27:41,669 basehttp 151606 140637129143872 "GET /reports/dashboard/ HTTP/1.1" 200 7403
INFO 2024-09-23 16:27:42,593 basehttp 151606 140637129143872 "GET /reports/ HTTP/1.1" 200 5227
INFO 2024-09-23 16:27:44,576 basehttp 151606 140637129143872 "GET /reports/2/ HTTP/1.1" 200 7719
INFO 2024-09-23 16:27:51,803 basehttp 151606 140637129143872 "GET /admin/ HTTP/1.1" 200 15015
INFO 2024-09-23 16:27:51,829 basehttp 151606 140637129143872 "GET /static/admin/css/base.css HTTP/1.1" 200 22092
INFO 2024-09-23 16:27:51,837 basehttp 151606 140637120751168 "GET /static/admin/css/dark_mode.css HTTP/1.1" 200 2804
INFO 2024-09-23 16:27:51,838 basehttp 151606 140637110261312 "GET /static/admin/css/nav_sidebar.css HTTP/1.1" 200 2810
INFO 2024-09-23 16:27:51,843 basehttp 151606 140636883772992 "GET /static/admin/css/responsive.css HTTP/1.1" 200 17972
INFO 2024-09-23 16:27:51,843 basehttp 151606 140636892165696 "GET /static/admin/css/dashboard.css HTTP/1.1" 200 441
INFO 2024-09-23 16:27:51,845 basehttp 151606 140636875380288 "GET /static/admin/js/theme.js HTTP/1.1" 200 1653
INFO 2024-09-23 16:27:51,884 basehttp 151606 140637129143872 "GET /static/admin/js/nav_sidebar.js HTTP/1.1" 200 3063
INFO 2024-09-23 16:27:51,896 basehttp 151606 140636883772992 "GET /static/admin/img/icon-deletelink.svg HTTP/1.1" 200 392
INFO 2024-09-23 16:27:51,896 basehttp 151606 140636875380288 "GET /static/admin/img/icon-addlink.svg HTTP/1.1" 200 331
INFO 2024-09-23 16:27:51,896 basehttp 151606 140636892165696 "GET /static/admin/img/icon-changelink.svg HTTP/1.1" 200 380
INFO 2024-09-23 16:28:16,141 basehttp 151606 140637129143872 "GET /reports/2/edit/ HTTP/1.1" 200 13226
INFO 2024-09-23 16:28:16,171 basehttp 151606 140637129143872 "GET /static/css/style.css HTTP/1.1" 304 0
INFO 2024-09-23 16:28:24,333 basehttp 151606 140637129143872 "GET /reports/dashboard/ HTTP/1.1" 200 7403
INFO 2024-09-23 16:28:38,230 basehttp 151606 140637129143872 "GET / HTTP/1.1" 200 3845
INFO 2024-09-23 16:28:39,562 basehttp 151606 140637129143872 "GET / HTTP/1.1" 200 3845
INFO 2024-09-23 16:28:52,314 basehttp 151606 140637129143872 "GET /reports/ HTTP/1.1" 200 5227
INFO 2024-09-23 16:29:00,925 basehttp 151606 140637129143872 "GET /reports/dashboard/ HTTP/1.1" 200 7403
INFO 2024-09-23 16:29:01,896 basehttp 151606 140637129143872 "GET /reports/ HTTP/1.1" 200 5227
INFO 2024-09-23 16:29:03,264 basehttp 151606 140637129143872 "GET /reports/new/ HTTP/1.1" 200 13225
INFO 2024-09-23 16:29:05,165 basehttp 151606 140637129143872 "GET /admin/ HTTP/1.1" 200 15015
INFO 2024-09-23 16:29:05,192 basehttp 151606 140637129143872 "GET /static/admin/css/base.css HTTP/1.1" 304 0
INFO 2024-09-23 16:29:05,192 basehttp 151606 140636883772992 "GET /static/admin/js/theme.js HTTP/1.1" 304 0
INFO 2024-09-23 16:29:05,193 basehttp 151606 140637110261312 "GET /static/admin/css/dashboard.css HTTP/1.1" 304 0
INFO 2024-09-23 16:29:05,193 basehttp 151606 140636892165696 "GET /static/admin/css/dark_mode.css HTTP/1.1" 304 0
INFO 2024-09-23 16:29:05,194 basehttp 151606 140636875380288 "GET /static/admin/css/nav_sidebar.css HTTP/1.1" 304 0
INFO 2024-09-23 16:29:05,194 basehttp 151606 140637120751168 "GET /static/admin/css/responsive.css HTTP/1.1" 304 0
INFO 2024-09-23 16:29:05,238 basehttp 151606 140637129143872 "GET /static/admin/js/nav_sidebar.js HTTP/1.1" 304 0
INFO 2024-09-23 16:29:16,503 basehttp 151606 140637129143872 "GET /admin/ HTTP/1.1" 200 15015
INFO 2024-09-23 16:29:21,682 basehttp 151606 140637129143872 "GET /admin/ HTTP/1.1" 200 15015
INFO 2024-09-23 16:29:35,120 basehttp 151606 140637129143872 "GET / HTTP/1.1" 200 3845
INFO 2024-09-23 16:29:44,685 basehttp 151606 140637129143872 "GET /reports/ HTTP/1.1" 200 5227
INFO 2024-09-23 16:29:46,896 basehttp 151606 140637129143872 "GET / HTTP/1.1" 200 3845
INFO 2024-09-23 19:09:05,436 autoreload 191115 139745125429248 Watching for file changes with StatReloader
INFO 2024-09-23 19:09:08,959 basehttp 191115 139745009071680 "GET / HTTP/1.1" 200 3845
INFO 2024-09-23 19:09:08,990 basehttp 191115 139745009071680 "GET /static/css/style.css HTTP/1.1" 304 0
INFO 2024-09-23 19:09:10,946 basehttp 191115 139745009071680 "GET / HTTP/1.1" 200 3845
INFO 2024-09-23 19:09:11,887 basehttp 191115 139745009071680 "GET /reports/dashboard/ HTTP/1.1" 200 7403
INFO 2024-09-23 19:09:15,291 basehttp 191115 139745009071680 "GET /reports/ HTTP/1.1" 200 5227
INFO 2024-09-23 19:09:23,537 basehttp 191115 139745009071680 "GET /reports/new/ HTTP/1.1" 200 13225
INFO 2024-09-23 19:09:29,851 basehttp 191115 139745009071680 "POST /accounts/logout/ HTTP/1.1" 302 0
INFO 2024-09-23 19:09:29,857 basehttp 191115 139745009071680 "GET / HTTP/1.1" 200 3767
INFO 2024-09-23 19:40:20,954 basehttp 191115 139745009071680 "GET / HTTP/1.1" 200 3362
INFO 2024-09-23 19:40:20,983 basehttp 191115 139745009071680 "GET /static/css/style.css HTTP/1.1" 304 0
INFO 2024-09-23 19:40:23,502 basehttp 191115 139745009071680 "GET /accounts/login/ HTTP/1.1" 200 4304
INFO 2024-09-23 19:40:34,479 basehttp 191115 139745009071680 "POST /accounts/login/ HTTP/1.1" 302 0
INFO 2024-09-23 19:40:34,494 basehttp 191115 139745009071680 "GET /reports/dashboard/ HTTP/1.1" 200 6440
INFO 2024-09-23 19:40:36,799 basehttp 191115 139745009071680 "GET / HTTP/1.1" 200 3666
INFO 2024-09-23 19:50:45,081 basehttp 191115 139745009071680 "GET /accounts/login/?next=/reports/ HTTP/1.1" 200 4608
INFO 2024-09-23 19:50:48,000 basehttp 191115 139745009071680 "GET / HTTP/1.1" 200 3666
INFO 2024-09-23 19:50:55,534 basehttp 191115 139745009071680 "POST /accounts/logout/ HTTP/1.1" 302 0
INFO 2024-09-23 19:50:55,540 basehttp 191115 139745009071680 "GET / HTTP/1.1" 200 3767
INFO 2024-09-23 19:51:00,387 basehttp 191115 139745009071680 "GET /accounts/signup/ HTTP/1.1" 200 5124
INFO 2024-09-23 19:51:34,816 basehttp 191115 139745009071680 "POST /accounts/signup/ HTTP/1.1" 302 0
INFO 2024-09-23 19:51:34,826 basehttp 191115 139745009071680 "GET /accounts/login/ HTTP/1.1" 200 5022
INFO 2024-09-23 19:51:43,949 basehttp 191115 139745009071680 "POST /accounts/login/ HTTP/1.1" 302 0
INFO 2024-09-23 19:51:43,964 basehttp 191115 139745009071680 "GET /reports/dashboard/ HTTP/1.1" 200 6441
INFO 2024-09-23 19:51:54,368 basehttp 191115 139745009071680 "GET / HTTP/1.1" 200 3667
INFO 2024-09-23 19:51:55,628 basehttp 191115 139745009071680 "GET /reports/ HTTP/1.1" 200 3908
INFO 2024-09-23 19:51:58,895 basehttp 191115 139745009071680 "GET /reports/new/ HTTP/1.1" 200 13047
INFO 2024-09-23 19:52:02,960 basehttp 191115 139745009071680 "GET / HTTP/1.1" 200 3667
INFO 2024-09-23 19:52:04,899 basehttp 191115 139745009071680 "GET /reports/new/ HTTP/1.1" 200 13047
INFO 2024-09-23 19:52:57,934 views 191115 139745009071680 Report created: ID=3, User=huldah, Date=2024-09-17, Product=Plate-Red (Code: PR01)
INFO 2024-09-23 19:52:57,935 basehttp 191115 139745009071680 "POST /reports/new/ HTTP/1.1" 302 0
INFO 2024-09-23 19:52:57,960 basehttp 191115 139745009071680 "GET /reports/dashboard/ HTTP/1.1" 200 7495
INFO 2024-09-23 19:53:04,907 basehttp 191115 139745009071680 "GET /reports/dashboard/ HTTP/1.1" 200 7100
INFO 2024-09-23 19:53:14,484 basehttp 191115 139745009071680 "GET /reports/ HTTP/1.1" 200 5051
INFO 2024-09-23 19:53:27,138 basehttp 191115 139745009071680 "GET /reports/3/ HTTP/1.1" 200 6748
INFO 2024-09-23 19:54:09,909 basehttp 191115 139745009071680 "POST /reports/3/ HTTP/1.1" 302 0
INFO 2024-09-23 19:54:09,927 basehttp 191115 139745009071680 "GET /reports/3/ HTTP/1.1" 200 7946
INFO 2024-09-23 19:54:15,570 basehttp 191115 139745009071680 "GET /reports/dashboard/ HTTP/1.1" 200 7227
INFO 2024-09-23 19:54:34,460 basehttp 191115 139745009071680 "GET /reports/dashboard/ HTTP/1.1" 200 7227
INFO 2024-09-23 19:54:35,644 basehttp 191115 139745009071680 "GET / HTTP/1.1" 200 3667
INFO 2024-09-23 19:54:38,584 basehttp 191115 139745009071680 "GET / HTTP/1.1" 200 3667
INFO 2024-09-26 05:04:56,121 autoreload 6442 140091851726848 Watching for file changes with StatReloader
INFO 2024-09-26 05:05:49,711 autoreload 6746 140515726053376 Watching for file changes with StatReloader
INFO 2024-09-26 05:06:04,674 basehttp 6746 140515676780096 "GET / HTTP/1.1" 200 3667
INFO 2024-09-26 05:06:04,758 basehttp 6746 140515676780096 "GET /static/css/style.css HTTP/1.1" 304 0
WARNING 2024-09-26 05:06:05,682 log 6746 140515676780096 Not Found: /favicon.ico
WARNING 2024-09-26 05:06:05,683 basehttp 6746 140515676780096 "GET /favicon.ico HTTP/1.1" 404 2668
INFO 2024-09-26 05:06:24,736 basehttp 6746 140515676780096 "GET / HTTP/1.1" 200 3667
INFO 2024-09-26 05:06:33,858 basehttp 6746 140515676780096 "POST /accounts/logout/ HTTP/1.1" 302 0
INFO 2024-09-26 05:06:33,865 basehttp 6746 140515676780096 "GET / HTTP/1.1" 200 3767
INFO 2024-09-26 05:06:41,387 basehttp 6746 140515676780096 "GET /accounts/login/ HTTP/1.1" 200 4304
INFO 2024-09-26 05:06:49,176 basehttp 6746 140515676780096 "POST /accounts/login/ HTTP/1.1" 302 0
INFO 2024-09-26 05:06:49,201 basehttp 6746 140515676780096 "GET /reports/dashboard/ HTTP/1.1" 200 7802
INFO 2024-09-26 05:06:55,092 basehttp 6746 140515676780096 "GET /reports/dashboard/ HTTP/1.1" 200 7403
INFO 2024-09-26 05:07:11,081 basehttp 6746 140515676780096 "GET /reports/ HTTP/1.1" 200 5227
INFO 2024-09-26 05:07:23,673 basehttp 6746 140515676780096 "GET / HTTP/1.1" 200 3845
INFO 2024-09-26 05:07:25,816 basehttp 6746 140515676780096 "GET /reports/ HTTP/1.1" 200 5227
INFO 2024-09-26 05:07:28,447 basehttp 6746 140515676780096 "GET /reports/dashboard/ HTTP/1.1" 200 7403
INFO 2024-09-26 05:07:29,684 basehttp 6746 140515676780096 "GET / HTTP/1.1" 200 3845
INFO 2024-09-26 05:07:32,320 basehttp 6746 140515676780096 "GET /reports/dashboard/ HTTP/1.1" 200 7403
INFO 2024-09-26 05:07:32,980 basehttp 6746 140515676780096 "GET /reports/ HTTP/1.1" 200 5227
INFO 2024-09-26 05:07:34,236 basehttp 6746 140515676780096 "GET /reports/new/ HTTP/1.1" 200 13225
INFO 2024-09-26 05:07:38,707 basehttp 6746 140515676780096 "GET /admin/ HTTP/1.1" 200 15015
INFO 2024-09-26 05:07:38,732 basehttp 6746 140515676780096 "GET /static/admin/css/base.css HTTP/1.1" 304 0
INFO 2024-09-26 05:07:38,734 basehttp 6746 140515668387392 "GET /static/admin/js/theme.js HTTP/1.1" 304 0
INFO 2024-09-26 05:07:38,740 basehttp 6746 140515668387392 "GET /static/admin/css/nav_sidebar.css HTTP/1.1" 304 0
INFO 2024-09-26 05:07:38,741 basehttp 6746 140515648456256 "GET /static/admin/css/dashboard.css HTTP/1.1" 304 0
INFO 2024-09-26 05:07:38,741 basehttp 6746 140515656848960 "GET /static/admin/css/dark_mode.css HTTP/1.1" 304 0
INFO 2024-09-26 05:07:38,744 basehttp 6746 140515640063552 "GET /static/admin/css/responsive.css HTTP/1.1" 304 0
INFO 2024-09-26 05:07:38,789 basehttp 6746 140515676780096 "GET /static/admin/js/nav_sidebar.js HTTP/1.1" 304 0
INFO 2024-09-26 05:07:38,803 basehttp 6746 140515668387392 "GET /static/admin/img/icon-changelink.svg HTTP/1.1" 304 0
INFO 2024-09-26 05:07:38,803 basehttp 6746 140515640063552 "GET /static/admin/img/icon-deletelink.svg HTTP/1.1" 304 0
INFO 2024-09-26 05:07:38,804 basehttp 6746 140515656848960 "GET /static/admin/img/icon-addlink.svg HTTP/1.1" 304 0
INFO 2024-09-26 05:10:03,709 basehttp 6746 140515668387392 "GET /admin/areas/productionline/ HTTP/1.1" 200 13474
INFO 2024-09-26 05:10:03,779 basehttp 6746 140515668387392 "GET /static/admin/css/changelists.css HTTP/1.1" 200 6878
INFO 2024-09-26 05:10:03,780 basehttp 6746 140515640063552 "GET /static/admin/js/jquery.init.js HTTP/1.1" 200 347
INFO 2024-09-26 05:10:03,782 basehttp 6746 140515648456256 "GET /static/admin/js/core.js HTTP/1.1" 200 6208
INFO 2024-09-26 05:10:03,787 basehttp 6746 140515290904128 "GET /static/admin/js/admin/RelatedObjectLookups.js HTTP/1.1" 200 9097
INFO 2024-09-26 05:10:03,792 basehttp 6746 140515640063552 "GET /static/admin/js/actions.js HTTP/1.1" 200 8076
INFO 2024-09-26 05:10:03,792 basehttp 6746 140515648456256 "GET /static/admin/js/urlify.js HTTP/1.1" 200 7887
INFO 2024-09-26 05:10:03,794 basehttp 6746 140515290904128 "GET /static/admin/js/prepopulate.js HTTP/1.1" 200 1531
INFO 2024-09-26 05:10:03,798 basehttp 6746 140515676780096 "GET /admin/jsi18n/ HTTP/1.1" 200 3342
INFO 2024-09-26 05:10:03,799 basehttp 6746 140515656848960 "GET /static/admin/js/vendor/jquery/jquery.js HTTP/1.1" 200 285314
INFO 2024-09-26 05:10:03,804 basehttp 6746 140515656848960 "GET /static/admin/js/vendor/xregexp/xregexp.js HTTP/1.1" 200 325171
INFO 2024-09-26 05:10:03,855 basehttp 6746 140515290904128 "GET /static/admin/js/filters.js HTTP/1.1" 200 978
INFO 2024-09-26 05:10:03,871 basehttp 6746 140515656848960 "GET /static/admin/img/tooltag-add.svg HTTP/1.1" 200 331
INFO 2024-09-26 05:10:19,098 basehttp 6746 140515656848960 "GET /admin/areas/productionline/3/change/ HTTP/1.1" 200 16470
INFO 2024-09-26 05:10:19,126 basehttp 6746 140515290904128 "GET /static/admin/js/prepopulate_init.js HTTP/1.1" 200 586
INFO 2024-09-26 05:10:19,126 basehttp 6746 140515648456256 "GET /static/admin/css/forms.css HTTP/1.1" 200 8710
INFO 2024-09-26 05:10:19,129 basehttp 6746 140515656848960 "GET /admin/jsi18n/ HTTP/1.1" 200 3342
INFO 2024-09-26 05:10:19,165 basehttp 6746 140515648456256 "GET /static/admin/css/widgets.css HTTP/1.1" 200 11564
INFO 2024-09-26 05:10:19,183 basehttp 6746 140515656848960 "GET /static/admin/img/icon-viewlink.svg HTTP/1.1" 200 581
INFO 2024-09-26 05:10:19,183 basehttp 6746 140515648456256 "GET /static/admin/js/change_form.js HTTP/1.1" 200 606
INFO 2024-09-26 05:10:24,518 basehttp 6746 140515648456256 "GET /admin/areas/productionline/3/delete/ HTTP/1.1" 200 11881
INFO 2024-09-26 05:10:24,539 basehttp 6746 140515648456256 "GET /static/admin/js/cancel.js HTTP/1.1" 200 884
INFO 2024-09-26 05:10:39,554 basehttp 6746 140515648456256 "POST /admin/areas/productionline/3/delete/ HTTP/1.1" 302 0
INFO 2024-09-26 05:10:39,572 basehttp 6746 140515648456256 "GET /admin/areas/productionline/ HTTP/1.1" 200 13363
INFO 2024-09-26 05:10:39,648 basehttp 6746 140515648456256 "GET /admin/jsi18n/ HTTP/1.1" 200 3342
INFO 2024-09-26 05:10:39,717 basehttp 6746 140515648456256 "GET /static/admin/img/icon-yes.svg HTTP/1.1" 200 436
INFO 2024-09-26 05:10:43,335 basehttp 6746 140515648456256 "GET /admin/areas/productionline/4/change/ HTTP/1.1" 200 16485
INFO 2024-09-26 05:10:43,361 basehttp 6746 140515648456256 "GET /admin/jsi18n/ HTTP/1.1" 200 3342
INFO 2024-09-26 05:10:45,465 basehttp 6746 140515648456256 "GET /admin/areas/productionline/4/delete/ HTTP/1.1" 200 11902
INFO 2024-09-26 05:10:46,533 basehttp 6746 140515648456256 "POST /admin/areas/productionline/4/delete/ HTTP/1.1" 302 0
INFO 2024-09-26 05:10:46,548 basehttp 6746 140515648456256 "GET /admin/areas/productionline/ HTTP/1.1" 200 13063
INFO 2024-09-26 05:10:46,615 basehttp 6746 140515648456256 "GET /admin/jsi18n/ HTTP/1.1" 200 3342
INFO 2024-09-26 05:10:51,752 basehttp 6746 140515648456256 "GET /admin/areas/productionline/5/change/ HTTP/1.1" 200 16488
INFO 2024-09-26 05:10:51,778 basehttp 6746 140515648456256 "GET /admin/jsi18n/ HTTP/1.1" 200 3342
INFO 2024-09-26 05:10:52,985 basehttp 6746 140515648456256 "GET /admin/areas/productionline/5/delete/ HTTP/1.1" 200 11775
INFO 2024-09-26 05:10:54,034 basehttp 6746 140515648456256 "POST /admin/areas/productionline/5/delete/ HTTP/1.1" 302 0
INFO 2024-09-26 05:10:54,047 basehttp 6746 140515648456256 "GET /admin/areas/productionline/ HTTP/1.1" 200 11732
INFO 2024-09-26 05:10:54,116 basehttp 6746 140515648456256 "GET /admin/jsi18n/ HTTP/1.1" 200 3342
INFO 2024-09-26 05:22:30,279 autoreload 11232 140032781275136 Watching for file changes with StatReloader
INFO 2024-09-26 05:22:32,393 basehttp 11232 140032732034624 "GET / HTTP/1.1" 200 3362
INFO 2024-09-26 05:22:41,287 basehttp 11232 140032732034624 "GET /accounts/signup/ HTTP/1.1" 200 5124
INFO 2024-09-26 05:22:43,730 basehttp 11232 140032732034624 "GET /accounts/login/ HTTP/1.1" 200 4304
INFO 2024-09-26 05:22:50,232 basehttp 11232 140032732034624 "POST /accounts/login/ HTTP/1.1" 200 4498
INFO 2024-09-26 05:23:04,020 basehttp 11232 140032732034624 "GET /admin/ HTTP/1.1" 302 0
INFO 2024-09-26 05:23:04,040 basehttp 11232 140032732034624 "GET /admin/login/?next=/admin/ HTTP/1.1" 200 4160
INFO 2024-09-26 05:23:04,234 basehttp 11232 140032732034624 "GET /static/admin/css/login.css HTTP/1.1" 200 951
INFO 2024-09-26 05:23:10,402 basehttp 11232 140032732034624 "POST /admin/login/?next=/admin/ HTTP/1.1" 200 4326
INFO 2024-09-26 05:24:42,866 autoreload 11825 140470519132160 Watching for file changes with StatReloader
INFO 2024-09-26 05:24:46,098 basehttp 11825 140470395074112 "POST /accounts/login/ HTTP/1.1" 200 4498
INFO 2024-09-26 05:24:52,071 basehttp 11825 140470395074112 "POST /accounts/login/ HTTP/1.1" 302 0
INFO 2024-09-26 05:24:52,093 basehttp 11825 140470395074112 "GET /reports/dashboard/ HTTP/1.1" 200 5872
INFO 2024-09-26 05:25:01,693 basehttp 11825 140470395074112 "GET / HTTP/1.1" 200 3839
INFO 2024-09-26 05:25:05,129 basehttp 11825 140470395074112 "GET /admin/ HTTP/1.1" 200 11467
INFO 2024-09-26 05:25:09,875 basehttp 11825 140470395074112 "GET /admin/auth/user/ HTTP/1.1" 200 15387
INFO 2024-09-26 05:25:09,906 basehttp 11825 140470395074112 "GET /admin/jsi18n/ HTTP/1.1" 200 3342
INFO 2024-09-26 05:25:09,908 basehttp 11825 140470386681408 "GET /static/admin/img/search.svg HTTP/1.1" 200 458
INFO 2024-09-26 05:25:09,970 basehttp 11825 140470395074112 "GET /static/admin/img/sorting-icons.svg HTTP/1.1" 200 1097
INFO 2024-09-26 05:25:12,752 basehttp 11825 140470395074112 "GET /admin/areas/productionline/ HTTP/1.1" 200 11543
INFO 2024-09-26 05:25:12,781 basehttp 11825 140470395074112 "GET /admin/jsi18n/ HTTP/1.1" 200 3342
INFO 2024-09-26 05:25:14,328 basehttp 11825 140470395074112 "GET /admin/areas/productionline/add/ HTTP/1.1" 200 15899
INFO 2024-09-26 05:25:14,357 basehttp 11825 140470395074112 "GET /admin/jsi18n/ HTTP/1.1" 200 3342
INFO 2024-09-26 05:26:53,089 basehttp 11825 140470395074112 "GET /admin/profiles/profile/add/?_to_field=id&_popup=1 HTTP/1.1" 200 8225
INFO 2024-09-26 05:26:53,113 basehttp 11825 140470395074112 "GET /admin/jsi18n/ HTTP/1.1" 200 3342
INFO 2024-09-26 05:28:24,697 basehttp 11825 140470395074112 "POST /admin/profiles/profile/add/?_to_field=id&_popup=1 HTTP/1.1" 200 335
INFO 2024-09-26 05:28:24,715 basehttp 11825 140470395074112 "GET /static/admin/js/popup_response.js HTTP/1.1" 200 532
INFO 2024-09-26 05:28:33,073 basehttp 11825 140470395074112 "GET /admin/products/product/add/?_to_field=id&_popup=1 HTTP/1.1" 200 6388
INFO 2024-09-26 05:28:33,110 basehttp 11825 140470395074112 "GET /admin/jsi18n/ HTTP/1.1" 200 3342
INFO 2024-09-26 05:28:56,893 basehttp 11825 140470395074112 "POST /admin/products/product/add/?_to_field=id&_popup=1 HTTP/1.1" 200 340
INFO 2024-09-26 05:28:58,337 basehttp 11825 140470395074112 "GET /admin/products/product/add/?_to_field=id&_popup=1 HTTP/1.1" 200 6388
INFO 2024-09-26 05:28:58,371 basehttp 11825 140470395074112 "GET /admin/jsi18n/ HTTP/1.1" 200 3342
INFO 2024-09-26 05:29:21,632 basehttp 11825 140470395074112 "POST /admin/products/product/add/?_to_field=id&_popup=1 HTTP/1.1" 200 341
INFO 2024-09-26 05:29:26,550 basehttp 11825 140470395074112 "GET /admin/categories/category/ HTTP/1.1" 200 11518
INFO 2024-09-26 05:29:26,585 basehttp 11825 140470395074112 "GET /admin/jsi18n/ HTTP/1.1" 200 3342
INFO 2024-09-26 05:29:28,095 basehttp 11825 140470395074112 "GET /admin/categories/category/add/ HTTP/1.1" 200 13402
INFO 2024-09-26 05:29:28,128 basehttp 11825 140470395074112 "GET /admin/jsi18n/ HTTP/1.1" 200 3342
INFO 2024-09-26 05:29:41,862 basehttp 11825 140470395074112 "POST /admin/categories/category/add/ HTTP/1.1" 302 0
INFO 2024-09-26 05:29:41,876 basehttp 11825 140470395074112 "GET /admin/categories/category/ HTTP/1.1" 200 13009
INFO 2024-09-26 05:29:41,944 basehttp 11825 140470395074112 "GET /admin/jsi18n/ HTTP/1.1" 200 3342
INFO 2024-09-26 05:29:44,391 basehttp 11825 140470395074112 "GET /admin/categories/category/add/ HTTP/1.1" 200 13402
INFO 2024-09-26 05:29:44,416 basehttp 11825 140470395074112 "GET /admin/jsi18n/ HTTP/1.1" 200 3342
INFO 2024-09-26 05:29:53,959 basehttp 11825 140470395074112 "POST /admin/categories/category/add/ HTTP/1.1" 302 0
INFO 2024-09-26 05:29:53,972 basehttp 11825 140470395074112 "GET /admin/categories/category/ HTTP/1.1" 200 13280
INFO 2024-09-26 05:29:54,041 basehttp 11825 140470395074112 "GET /admin/jsi18n/ HTTP/1.1" 200 3342
INFO 2024-09-26 05:29:57,473 basehttp 11825 140470395074112 "GET /admin/products/product/ HTTP/1.1" 200 13104
INFO 2024-09-26 05:29:57,497 basehttp 11825 140470395074112 "GET /admin/jsi18n/ HTTP/1.1" 200 3342
INFO 2024-09-26 05:30:00,312 basehttp 11825 140470395074112 "GET /admin/profiles/profile/ HTTP/1.1" 200 12834
INFO 2024-09-26 05:30:00,334 basehttp 11825 140470395074112 "GET /admin/jsi18n/ HTTP/1.1" 200 3342
INFO 2024-09-26 05:30:12,490 basehttp 11825 140470395074112 "GET /admin/reports/problemcategory/ HTTP/1.1" 200 11560
INFO 2024-09-26 05:30:12,517 basehttp 11825 140470395074112 "GET /admin/jsi18n/ HTTP/1.1" 200 3342
INFO 2024-09-26 05:30:15,567 basehttp 11825 140470395074112 "GET /admin/reports/problemcategory/add/ HTTP/1.1" 200 12975
INFO 2024-09-26 05:30:15,591 basehttp 11825 140470395074112 "GET /admin/jsi18n/ HTTP/1.1" 200 3342
INFO 2024-09-26 05:30:26,218 basehttp 11825 140470395074112 "GET /admin/reports/problemcategory/add/ HTTP/1.1" 200 12975
INFO 2024-09-26 05:30:26,241 basehttp 11825 140470395074112 "GET /admin/jsi18n/ HTTP/1.1" 200 3342
INFO 2024-09-26 05:30:46,833 basehttp 11825 140470395074112 "POST /admin/reports/problemcategory/add/ HTTP/1.1" 302 0
INFO 2024-09-26 05:30:46,848 basehttp 11825 140470395074112 "GET /admin/reports/problemcategory/ HTTP/1.1" 200 13092
INFO 2024-09-26 05:30:46,914 basehttp 11825 140470395074112 "GET /admin/jsi18n/ HTTP/1.1" 200 3342
INFO 2024-09-26 05:30:49,632 basehttp 11825 140470395074112 "GET /admin/reports/problemcategory/ HTTP/1.1" 200 12867
INFO 2024-09-26 05:30:49,658 basehttp 11825 140470395074112 "GET /admin/jsi18n/ HTTP/1.1" 200 3342
INFO 2024-09-26 05:30:51,655 basehttp 11825 140470395074112 "GET /admin/reports/problemcategory/add/ HTTP/1.1" 200 12975
INFO 2024-09-26 05:30:51,683 basehttp 11825 140470395074112 "GET /admin/jsi18n/ HTTP/1.1" 200 3342
INFO 2024-09-26 05:31:14,457 basehttp 11825 140470395074112 "POST /admin/reports/problemcategory/add/ HTTP/1.1" 302 0
INFO 2024-09-26 05:31:14,474 basehttp 11825 140470395074112 "GET /admin/reports/problemcategory/ HTTP/1.1" 200 13379
INFO 2024-09-26 05:31:14,545 basehttp 11825 140470395074112 "GET /admin/jsi18n/ HTTP/1.1" 200 3342
INFO 2024-09-26 05:31:18,197 basehttp 11825 140470395074112 "GET /admin/reports/problemcategory/1/change/ HTTP/1.1" 200 13278
INFO 2024-09-26 05:31:18,221 basehttp 11825 140470395074112 "GET /admin/jsi18n/ HTTP/1.1" 200 3342
INFO 2024-09-26 05:31:18,291 basehttp 11825 140470395074112 "GET /static/admin/img/tooltag-arrowright.svg HTTP/1.1" 200 280
INFO 2024-09-26 05:31:28,040 basehttp 11825 140470395074112 "POST /admin/reports/problemcategory/1/change/ HTTP/1.1" 302 0
INFO 2024-09-26 05:31:28,053 basehttp 11825 140470395074112 "GET /admin/reports/problemcategory/ HTTP/1.1" 200 13392
INFO 2024-09-26 05:31:28,124 basehttp 11825 140470395074112 "GET /admin/jsi18n/ HTTP/1.1" 200 3342
INFO 2024-09-26 05:31:35,370 basehttp 11825 140470395074112 "GET /admin/reports/problemreported/ HTTP/1.1" 200 11558
INFO 2024-09-26 05:31:35,405 basehttp 11825 140470395074112 "GET /admin/jsi18n/ HTTP/1.1" 200 3342
INFO 2024-09-26 05:31:42,386 basehttp 11825 140470395074112 "GET /admin/categories/category/ HTTP/1.1" 200 13068
INFO 2024-09-26 05:31:42,411 basehttp 11825 140470395074112 "GET /admin/jsi18n/ HTTP/1.1" 200 3342
INFO 2024-09-26 05:31:47,927 basehttp 11825 140470395074112 "GET /admin/products/product/add/ HTTP/1.1" 200 14286
INFO 2024-09-26 05:31:47,948 basehttp 11825 140470395074112 "GET /admin/jsi18n/ HTTP/1.1" 200 3342
INFO 2024-09-26 05:32:11,333 basehttp 11825 140470395074112 "POST /admin/products/product/add/ HTTP/1.1" 302 0
INFO 2024-09-26 05:32:11,353 basehttp 11825 140470395074112 "GET /admin/products/product/ HTTP/1.1" 200 13630
INFO 2024-09-26 05:32:11,436 basehttp 11825 140470395074112 "GET /admin/jsi18n/ HTTP/1.1" 200 3342
INFO 2024-09-26 05:32:15,427 basehttp 11825 140470395074112 "GET /admin/areas/productionline/ HTTP/1.1" 200 11543
INFO 2024-09-26 05:32:15,452 basehttp 11825 140470395074112 "GET /admin/jsi18n/ HTTP/1.1" 200 3342
INFO 2024-09-26 05:32:18,340 basehttp 11825 140470395074112 "GET /admin/areas/productionline/add/ HTTP/1.1" 200 16103
INFO 2024-09-26 05:32:18,365 basehttp 11825 140470395074112 "GET /admin/jsi18n/ HTTP/1.1" 200 3342
INFO 2024-09-26 05:33:01,393 basehttp 11825 140470395074112 "GET /admin/profiles/profile/add/?_to_field=id&_popup=1 HTTP/1.1" 200 8225
INFO 2024-09-26 05:33:01,430 basehttp 11825 140470395074112 "GET /admin/jsi18n/ HTTP/1.1" 200 3342
INFO 2024-09-26 05:33:05,457 basehttp 11825 140470395074112 "GET /admin/auth/user/add/?_to_field=id&_popup=1 HTTP/1.1" 200 8142
INFO 2024-09-26 05:33:05,480 basehttp 11825 140470395074112 "GET /static/admin/css/unusable_password_field.css HTTP/1.1" 200 663
INFO 2024-09-26 05:33:05,484 basehttp 11825 140470386681408 "GET /admin/jsi18n/ HTTP/1.1" 200 3342
INFO 2024-09-26 05:33:05,546 basehttp 11825 140470395074112 "GET /static/admin/js/unusable_password_field.js HTTP/1.1" 200 1480
INFO 2024-09-26 05:33:18,165 basehttp 11825 140470395074112 "POST /admin/auth/user/add/?_to_field=id&_popup=1 HTTP/1.1" 200 8406
INFO 2024-09-26 05:33:18,188 basehttp 11825 140470395074112 "GET /admin/jsi18n/ HTTP/1.1" 200 3342
INFO 2024-09-26 05:34:09,290 basehttp 11825 140470395074112 "POST /admin/areas/productionline/add/ HTTP/1.1" 302 0
INFO 2024-09-26 05:34:09,305 basehttp 11825 140470395074112 "GET /admin/areas/productionline/ HTTP/1.1" 200 13111
INFO 2024-09-26 05:34:09,384 basehttp 11825 140470395074112 "GET /admin/jsi18n/ HTTP/1.1" 200 3342
INFO 2024-09-26 05:34:17,472 basehttp 11825 140470395074112 "GET / HTTP/1.1" 200 3839
INFO 2024-09-26 05:34:23,339 basehttp 11825 140470395074112 "POST /accounts/logout/ HTTP/1.1" 302 0
INFO 2024-09-26 05:34:23,345 basehttp 11825 140470395074112 "GET / HTTP/1.1" 200 3767
INFO 2024-09-26 05:34:24,263 basehttp 11825 140470395074112 "GET /accounts/signup/ HTTP/1.1" 200 5124
INFO 2024-09-26 05:34:43,688 basehttp 11825 140470395074112 "POST /accounts/signup/ HTTP/1.1" 302 0
INFO 2024-09-26 05:34:43,697 basehttp 11825 140470395074112 "GET /accounts/login/ HTTP/1.1" 200 5021
INFO 2024-09-26 05:34:48,300 basehttp 11825 140470395074112 "POST /accounts/login/ HTTP/1.1" 302 0
INFO 2024-09-26 05:34:48,313 basehttp 11825 140470395074112 "GET /reports/dashboard/ HTTP/1.1" 200 5950
INFO 2024-09-26 05:34:58,548 basehttp 11825 140470395074112 "GET / HTTP/1.1" 200 3666
INFO 2024-09-26 05:35:00,580 basehttp 11825 140470395074112 "GET /reports/ HTTP/1.1" 200 3789
INFO 2024-09-26 05:35:02,981 basehttp 11825 140470395074112 "GET /reports/ HTTP/1.1" 200 3789
INFO 2024-09-26 05:35:05,081 basehttp 11825 140470395074112 "GET /reports/dashboard/ HTTP/1.1" 200 5551
INFO 2024-09-26 05:35:20,226 basehttp 11825 140470395074112 "POST /accounts/logout/ HTTP/1.1" 302 0
INFO 2024-09-26 05:35:20,232 basehttp 11825 140470395074112 "GET / HTTP/1.1" 200 3767
INFO 2024-09-26 05:35:21,477 basehttp 11825 140470395074112 "GET /accounts/signup/ HTTP/1.1" 200 5124
INFO 2024-09-26 05:35:31,855 basehttp 11825 140470395074112 "POST /accounts/signup/ HTTP/1.1" 302 0
INFO 2024-09-26 05:35:31,864 basehttp 11825 140470395074112 "GET /accounts/login/ HTTP/1.1" 200 5020
INFO 2024-09-26 05:35:39,313 basehttp 11825 140470395074112 "GET / HTTP/1.1" 200 3665
INFO 2024-09-26 05:35:41,458 basehttp 11825 140470395074112 "GET /reports/dashboard/ HTTP/1.1" 200 5550
INFO 2024-09-26 05:35:50,428 basehttp 11825 140470395074112 "POST /accounts/logout/ HTTP/1.1" 302 0
INFO 2024-09-26 05:35:50,433 basehttp 11825 140470395074112 "GET / HTTP/1.1" 200 3767
INFO 2024-09-26 05:35:53,685 basehttp 11825 140470395074112 "GET /accounts/login/ HTTP/1.1" 200 4304
INFO 2024-09-26 05:36:03,185 basehttp 11825 140470395074112 "POST /accounts/login/ HTTP/1.1" 200 4498
INFO 2024-09-26 05:36:07,743 basehttp 11825 140470395074112 "POST /accounts/login/ HTTP/1.1" 302 0
INFO 2024-09-26 05:36:07,756 basehttp 11825 140470395074112 "GET /reports/dashboard/ HTTP/1.1" 200 6123
INFO 2024-09-26 05:36:11,116 basehttp 11825 140470395074112 "GET /admin/ HTTP/1.1" 200 15140
INFO 2024-09-26 05:36:12,729 basehttp 11825 140470395074112 "GET /admin/areas/productionline/ HTTP/1.1" 200 12875
INFO 2024-09-26 05:36:12,764 basehttp 11825 140470395074112 "GET /admin/jsi18n/ HTTP/1.1" 200 3342
INFO 2024-09-26 05:36:19,506 basehttp 11825 140470395074112 "GET /admin/categories/category/ HTTP/1.1" 200 13068
INFO 2024-09-26 05:36:19,535 basehttp 11825 140470395074112 "GET /admin/jsi18n/ HTTP/1.1" 200 3342
INFO 2024-09-26 05:36:25,993 basehttp 11825 140470395074112 "GET /admin/areas/productionline/ HTTP/1.1" 200 12875
INFO 2024-09-26 05:36:26,020 basehttp 11825 140470395074112 "GET /admin/jsi18n/ HTTP/1.1" 200 3342
INFO 2024-09-26 05:36:35,668 basehttp 11825 140470395074112 "GET /admin/areas/productionline/add/ HTTP/1.1" 200 16103
INFO 2024-09-26 05:36:35,699 basehttp 11825 140470395074112 "GET /admin/jsi18n/ HTTP/1.1" 200 3342
INFO 2024-09-26 05:36:48,197 basehttp 11825 140470395074112 "GET /admin/profiles/profile/add/?_to_field=id&_popup=1 HTTP/1.1" 200 8296
INFO 2024-09-26 05:36:48,231 basehttp 11825 140470395074112 "GET /admin/jsi18n/ HTTP/1.1" 200 3342
INFO 2024-09-26 05:37:12,052 basehttp 11825 140470395074112 "POST /admin/profiles/profile/add/?_to_field=id&_popup=1 HTTP/1.1" 200 336
INFO 2024-09-26 05:37:16,158 basehttp 11825 140470395074112 "POST /admin/areas/productionline/add/ HTTP/1.1" 200 16322
INFO 2024-09-26 05:37:16,188 basehttp 11825 140470395074112 "GET /admin/jsi18n/ HTTP/1.1" 200 3342
INFO 2024-09-26 05:37:30,351 basehttp 11825 140470395074112 "POST /admin/areas/productionline/add/ HTTP/1.1" 302 0
INFO 2024-09-26 05:37:30,370 basehttp 11825 140470395074112 "GET /admin/areas/productionline/ HTTP/1.1" 200 13421
INFO 2024-09-26 05:37:30,437 basehttp 11825 140470395074112 "GET /admin/jsi18n/ HTTP/1.1" 200 3342
INFO 2024-09-26 05:37:39,995 basehttp 11825 140470395074112 "GET / HTTP/1.1" 200 3839
INFO 2024-09-26 05:37:42,920 basehttp 11825 140470395074112 "GET /reports/dashboard/ HTTP/1.1" 200 5977
INFO 2024-09-26 05:38:00,334 basehttp 11825 140470395074112 "GET /reports/new/ HTTP/1.1" 200 13118
INFO 2024-09-26 05:38:28,857 views 11825 140470395074112 Report created: ID=1, User=shem, Date=2024-09-26, Product=Cup-Blue (Code: CB01)
INFO 2024-09-26 05:38:28,858 basehttp 11825 140470395074112 "POST /reports/new/ HTTP/1.1" 302 0
INFO 2024-09-26 05:38:28,875 basehttp 11825 140470395074112 "GET /reports/dashboard/ HTTP/1.1" 200 7433
INFO 2024-09-26 05:38:42,806 basehttp 11825 140470395074112 "GET /reports/ HTTP/1.1" 200 5183
INFO 2024-09-26 05:38:48,569 basehttp 11825 140470395074112 "GET /reports/1/ HTTP/1.1" 200 6901
INFO 2024-09-26 05:39:23,117 basehttp 11825 140470395074112 "POST /reports/1/ HTTP/1.1" 302 0
INFO 2024-09-26 05:39:23,133 basehttp 11825 140470395074112 "GET /reports/1/ HTTP/1.1" 200 8101
INFO 2024-09-26 05:39:26,929 basehttp 11825 140470395074112 "GET /reports/dashboard/ HTTP/1.1" 200 7163
INFO 2024-09-26 05:39:37,228 basehttp 11825 140470395074112 "GET / HTTP/1.1" 200 3839
INFO 2024-09-26 05:39:38,338 basehttp 11825 140470395074112 "GET /reports/dashboard/ HTTP/1.1" 200 7163
INFO 2024-09-26 05:39:40,265 basehttp 11825 140470395074112 "POST /accounts/logout/ HTTP/1.1" 302 0
INFO 2024-09-26 05:39:40,271 basehttp 11825 140470395074112 "GET / HTTP/1.1" 200 3767
INFO 2024-09-26 05:39:43,645 basehttp 11825 140470395074112 "GET /accounts/login/ HTTP/1.1" 200 4304
INFO 2024-09-26 05:39:50,403 basehttp 11825 140470395074112 "POST /accounts/login/ HTTP/1.1" 302 0
INFO 2024-09-26 05:39:50,417 basehttp 11825 140470395074112 "GET /reports/dashboard/ HTTP/1.1" 200 6203
INFO 2024-09-26 05:39:55,625 basehttp 11825 140470395074112 "GET /reports/ HTTP/1.1" 200 3864
INFO 2024-09-26 05:39:57,890 basehttp 11825 140470395074112 "GET /reports/dashboard/ HTTP/1.1" 200 5804
INFO 2024-09-26 05:40:16,925 basehttp 11825 140470395074112 "GET / HTTP/1.1" 200 3666
INFO 2024-09-26 05:40:18,466 basehttp 11825 140470395074112 "GET / HTTP/1.1" 200 3666
INFO 2024-09-26 05:40:19,146 basehttp 11825 140470395074112 "GET / HTTP/1.1" 200 3666
INFO 2024-09-26 05:40:19,556 basehttp 11825 140470395074112 "GET / HTTP/1.1" 200 3666
INFO 2024-09-26 05:40:20,689 basehttp 11825 140470395074112 "GET / HTTP/1.1" 200 3666
INFO 2024-09-26 05:40:21,669 basehttp 11825 140470395074112 "GET /reports/ HTTP/1.1" 200 3864
INFO 2024-09-26 05:40:24,125 basehttp 11825 140470395074112 "GET /reports/new/ HTTP/1.1" 200 12945
INFO 2024-09-26 05:40:30,224 basehttp 11825 140470395074112 "GET /reports/ HTTP/1.1" 200 3864
INFO 2024-09-26 05:40:32,976 basehttp 11825 140470395074112 "GET /reports/new/ HTTP/1.1" 200 12945
INFO 2024-09-26 05:40:56,655 views 11825 140470395074112 Report created: ID=2, User=diana, Date=2024-09-26, Product=Cup-Blue (Code: CB01)
INFO 2024-09-26 05:40:56,656 basehttp 11825 140470395074112 "POST /reports/new/ HTTP/1.1" 302 0
INFO 2024-09-26 05:40:56,669 basehttp 11825 140470395074112 "GET /reports/dashboard/ HTTP/1.1" 200 7262
INFO 2024-09-26 05:41:04,499 basehttp 11825 140470395074112 "GET /reports/dashboard/ HTTP/1.1" 200 6867
INFO 2024-09-26 05:41:10,561 basehttp 11825 140470395074112 "GET /reports/ HTTP/1.1" 200 5012
INFO 2024-09-26 05:41:15,342 basehttp 11825 140470395074112 "GET /reports/2/ HTTP/1.1" 200 6731
INFO 2024-09-26 05:41:33,754 basehttp 11825 140470395074112 "POST /reports/2/ HTTP/1.1" 302 0
INFO 2024-09-26 05:41:33,770 basehttp 11825 140470395074112 "GET /reports/2/ HTTP/1.1" 200 7919
INFO 2024-09-26 05:41:40,140 basehttp 11825 140470395074112 "GET /reports/ HTTP/1.1" 200 5012
INFO 2024-09-26 05:41:42,118 basehttp 11825 140470395074112 "GET /reports/dashboard/ HTTP/1.1" 200 6990
INFO 2024-09-26 05:42:04,105 basehttp 11825 140470395074112 "GET / HTTP/1.1" 200 3666
INFO 2024-09-26 05:42:05,689 basehttp 11825 140470395074112 "GET /reports/new/ HTTP/1.1" 200 12945
